20/07/2020 02:18:11 (Std) 	+-+-+-+-+-+-+-+-+-+-+-+-+-+-+-+-+-+-+-+-+-+-+-+-+-+-+-+-+-+-+-+-+-+-+-+-+-+-+-+
20/07/2020 02:18:11 (Std) 	+                     Crazy Eddie's GUI System - Event log                    +
20/07/2020 02:18:11 (Std) 	+                          (http://www.cegui.org.uk/)                         +
20/07/2020 02:18:11 (Std) 	+-+-+-+-+-+-+-+-+-+-+-+-+-+-+-+-+-+-+-+-+-+-+-+-+-+-+-+-+-+-+-+-+-+-+-+-+-+-+-+

20/07/2020 02:18:11 (Std) 	CEGUI::Logger singleton created. (000001FF18033380)
20/07/2020 02:18:11 (Std) 	
20/07/2020 02:18:11 (Std) 	********************************************************************************
20/07/2020 02:18:11 (Std) 	* Important:                                                                   *
20/07/2020 02:18:11 (Std) 	*     To get support at the CEGUI forums, you must post _at least_ the section *
20/07/2020 02:18:11 (Std) 	*     of this log file indicated below.  Failure to do this will result in no  *
20/07/2020 02:18:11 (Std) 	*     support being given; please do not waste our time.                       *
20/07/2020 02:18:11 (Std) 	********************************************************************************
20/07/2020 02:18:11 (Std) 	********************************************************************************
20/07/2020 02:18:11 (Std) 	* -------- START OF ESSENTIAL SECTION TO BE POSTED ON THE FORUM       -------- *
20/07/2020 02:18:11 (Std) 	********************************************************************************
20/07/2020 02:18:11 (Std) 	---- Version: 0.8.7 (Build: Jul 17 2020 Microsoft Windows MSVC++ Unknown MSVC++ version 64 bit) ----
20/07/2020 02:18:11 (Std) 	---- Renderer module is: CEGUI::OpenGL3Renderer - Official OpenGL 3.2 core based renderer module.  TextureTarget support enabled via FBO OGL 3.2 core implementation. ----
20/07/2020 02:18:11 (Std) 	---- XML Parser module is: CEGUI::ExpatParser - Official expat based parser module for CEGUI ----
20/07/2020 02:18:11 (Std) 	---- Image Codec module is: SILLYImageCodec - Official SILLY based image codec ----
20/07/2020 02:18:11 (Std) 	---- Scripting module is: None ----
20/07/2020 02:18:11 (Std) 	********************************************************************************
20/07/2020 02:18:11 (Std) 	* -------- END OF ESSENTIAL SECTION TO BE POSTED ON THE FORUM         -------- *
20/07/2020 02:18:11 (Std) 	********************************************************************************
20/07/2020 02:18:11 (Std) 	
20/07/2020 02:18:11 (Std) 	---- Begining CEGUI System initialisation ----
20/07/2020 02:18:11 (Std) 	[CEGUI::ImageManager] Singleton created (000001FF181924C0)
20/07/2020 02:18:11 (Std) 	[CEGUI::ImageManager] Registered Image type: BasicImage
20/07/2020 02:18:11 (Std) 	CEGUI::FontManager singleton created. (000001FF0CF565E0)
20/07/2020 02:18:11 (Std) 	CEGUI::WindowFactoryManager singleton created
20/07/2020 02:18:11 (Std) 	CEGUI::WindowManager singleton created (000001FF0D03D930)
20/07/2020 02:18:11 (Std) 	CEGUI::SchemeManager singleton created. (000001FF190791C0)
20/07/2020 02:18:11 (Std) 	CEGUI::GlobalEventSet singleton created. (000001FF190699F0)
20/07/2020 02:18:11 (Std) 	CEGUI::AnimationManager singleton created (000001FF190967A0)
20/07/2020 02:18:11 (Std) 	CEGUI::WidgetLookManager singleton created. (000001FF1803F690)
20/07/2020 02:18:11 (Std) 	CEGUI::WindowRendererManager singleton created (000001FF1803F830)
20/07/2020 02:18:11 (Std) 	CEGUI::RenderEffectManager singleton created (000001FF19069330)
20/07/2020 02:18:11 (Std) 	Created WindowFactory for 'DefaultWindow' windows.
20/07/2020 02:18:11 (Std) 	WindowFactory for 'DefaultWindow' windows added. (000001FF0D030970)
20/07/2020 02:18:11 (Std) 	Created WindowFactory for 'DragContainer' windows.
20/07/2020 02:18:11 (Std) 	WindowFactory for 'DragContainer' windows added. (000001FF0D030A30)
20/07/2020 02:18:11 (Std) 	Created WindowFactory for 'ScrolledContainer' windows.
20/07/2020 02:18:11 (Std) 	WindowFactory for 'ScrolledContainer' windows added. (000001FF0D030AF0)
20/07/2020 02:18:11 (Std) 	Created WindowFactory for 'ClippedContainer' windows.
20/07/2020 02:18:11 (Std) 	WindowFactory for 'ClippedContainer' windows added. (000001FF0D0313F0)
20/07/2020 02:18:11 (Std) 	Created WindowFactory for 'CEGUI/PushButton' windows.
20/07/2020 02:18:11 (Std) 	WindowFactory for 'CEGUI/PushButton' windows added. (000001FF0D031630)
20/07/2020 02:18:11 (Std) 	Created WindowFactory for 'CEGUI/RadioButton' windows.
20/07/2020 02:18:11 (Std) 	WindowFactory for 'CEGUI/RadioButton' windows added. (000001FF0D030BB0)
20/07/2020 02:18:11 (Std) 	Created WindowFactory for 'CEGUI/Combobox' windows.
20/07/2020 02:18:11 (Std) 	WindowFactory for 'CEGUI/Combobox' windows added. (000001FF0D030C70)
20/07/2020 02:18:11 (Std) 	Created WindowFactory for 'CEGUI/ComboDropList' windows.
20/07/2020 02:18:11 (Std) 	WindowFactory for 'CEGUI/ComboDropList' windows added. (000001FF0D030F70)
20/07/2020 02:18:11 (Std) 	Created WindowFactory for 'CEGUI/Editbox' windows.
20/07/2020 02:18:11 (Std) 	WindowFactory for 'CEGUI/Editbox' windows added. (000001FF0D031270)
20/07/2020 02:18:11 (Std) 	Created WindowFactory for 'CEGUI/FrameWindow' windows.
20/07/2020 02:18:11 (Std) 	WindowFactory for 'CEGUI/FrameWindow' windows added. (000001FF0D031030)
20/07/2020 02:18:11 (Std) 	Created WindowFactory for 'CEGUI/ItemEntry' windows.
20/07/2020 02:18:11 (Std) 	WindowFactory for 'CEGUI/ItemEntry' windows added. (000001FF0D0311B0)
20/07/2020 02:18:11 (Std) 	Created WindowFactory for 'CEGUI/Listbox' windows.
20/07/2020 02:18:11 (Std) 	WindowFactory for 'CEGUI/Listbox' windows added. (000001FF0D031330)
20/07/2020 02:18:11 (Std) 	Created WindowFactory for 'CEGUI/ListHeader' windows.
20/07/2020 02:18:11 (Std) 	WindowFactory for 'CEGUI/ListHeader' windows added. (000001FF19341A80)
20/07/2020 02:18:11 (Std) 	Created WindowFactory for 'CEGUI/ListHeaderSegment' windows.
20/07/2020 02:18:11 (Std) 	WindowFactory for 'CEGUI/ListHeaderSegment' windows added. (000001FF193416C0)
20/07/2020 02:18:11 (Std) 	Created WindowFactory for 'CEGUI/Menubar' windows.
20/07/2020 02:18:11 (Std) 	WindowFactory for 'CEGUI/Menubar' windows added. (000001FF193407C0)
20/07/2020 02:18:11 (Std) 	Created WindowFactory for 'CEGUI/PopupMenu' windows.
20/07/2020 02:18:11 (Std) 	WindowFactory for 'CEGUI/PopupMenu' windows added. (000001FF1933FF80)
20/07/2020 02:18:11 (Std) 	Created WindowFactory for 'CEGUI/MenuItem' windows.
20/07/2020 02:18:11 (Std) 	WindowFactory for 'CEGUI/MenuItem' windows added. (000001FF1933FBC0)
20/07/2020 02:18:11 (Std) 	Created WindowFactory for 'CEGUI/MultiColumnList' windows.
20/07/2020 02:18:11 (Std) 	WindowFactory for 'CEGUI/MultiColumnList' windows added. (000001FF19340640)
20/07/2020 02:18:11 (Std) 	Created WindowFactory for 'CEGUI/MultiLineEditbox' windows.
20/07/2020 02:18:11 (Std) 	WindowFactory for 'CEGUI/MultiLineEditbox' windows added. (000001FF19340880)
20/07/2020 02:18:11 (Std) 	Created WindowFactory for 'CEGUI/ProgressBar' windows.
20/07/2020 02:18:11 (Std) 	WindowFactory for 'CEGUI/ProgressBar' windows added. (000001FF19341240)
20/07/2020 02:18:11 (Std) 	Created WindowFactory for 'CEGUI/ScrollablePane' windows.
20/07/2020 02:18:11 (Std) 	WindowFactory for 'CEGUI/ScrollablePane' windows added. (000001FF19340D00)
20/07/2020 02:18:11 (Std) 	Created WindowFactory for 'CEGUI/Scrollbar' windows.
20/07/2020 02:18:11 (Std) 	WindowFactory for 'CEGUI/Scrollbar' windows added. (000001FF193404C0)
20/07/2020 02:18:11 (Std) 	Created WindowFactory for 'CEGUI/Slider' windows.
20/07/2020 02:18:11 (Std) 	WindowFactory for 'CEGUI/Slider' windows added. (000001FF19340DC0)
20/07/2020 02:18:11 (Std) 	Created WindowFactory for 'CEGUI/Spinner' windows.
20/07/2020 02:18:11 (Std) 	WindowFactory for 'CEGUI/Spinner' windows added. (000001FF19341840)
20/07/2020 02:18:11 (Std) 	Created WindowFactory for 'CEGUI/TabButton' windows.
20/07/2020 02:18:11 (Std) 	WindowFactory for 'CEGUI/TabButton' windows added. (000001FF19340C40)
20/07/2020 02:18:11 (Std) 	Created WindowFactory for 'CEGUI/TabControl' windows.
20/07/2020 02:18:11 (Std) 	WindowFactory for 'CEGUI/TabControl' windows added. (000001FF19340940)
20/07/2020 02:18:11 (Std) 	Created WindowFactory for 'CEGUI/Thumb' windows.
20/07/2020 02:18:11 (Std) 	WindowFactory for 'CEGUI/Thumb' windows added. (000001FF1933FC80)
20/07/2020 02:18:11 (Std) 	Created WindowFactory for 'CEGUI/Titlebar' windows.
20/07/2020 02:18:11 (Std) 	WindowFactory for 'CEGUI/Titlebar' windows added. (000001FF19340E80)
20/07/2020 02:18:11 (Std) 	Created WindowFactory for 'CEGUI/ToggleButton' windows.
20/07/2020 02:18:11 (Std) 	WindowFactory for 'CEGUI/ToggleButton' windows added. (000001FF19340400)
20/07/2020 02:18:11 (Std) 	Created WindowFactory for 'CEGUI/Tooltip' windows.
20/07/2020 02:18:11 (Std) 	WindowFactory for 'CEGUI/Tooltip' windows added. (000001FF19341480)
20/07/2020 02:18:11 (Std) 	Created WindowFactory for 'CEGUI/ItemListbox' windows.
20/07/2020 02:18:11 (Std) 	WindowFactory for 'CEGUI/ItemListbox' windows added. (000001FF19340A00)
20/07/2020 02:18:11 (Std) 	Created WindowFactory for 'CEGUI/GroupBox' windows.
20/07/2020 02:18:11 (Std) 	WindowFactory for 'CEGUI/GroupBox' windows added. (000001FF19340AC0)
20/07/2020 02:18:11 (Std) 	Created WindowFactory for 'CEGUI/Tree' windows.
20/07/2020 02:18:11 (Std) 	WindowFactory for 'CEGUI/Tree' windows added. (000001FF19340700)
20/07/2020 02:18:11 (Std) 	Created WindowFactory for 'LayoutCell' windows.
20/07/2020 02:18:11 (Std) 	WindowFactory for 'LayoutCell' windows added. (000001FF1933FD40)
20/07/2020 02:18:11 (Std) 	Created WindowFactory for 'HorizontalLayoutContainer' windows.
20/07/2020 02:18:11 (Std) 	WindowFactory for 'HorizontalLayoutContainer' windows added. (000001FF1933FE00)
20/07/2020 02:18:11 (Std) 	Created WindowFactory for 'VerticalLayoutContainer' windows.
20/07/2020 02:18:11 (Std) 	WindowFactory for 'VerticalLayoutContainer' windows added. (000001FF19341540)
20/07/2020 02:18:11 (Std) 	Created WindowFactory for 'GridLayoutContainer' windows.
20/07/2020 02:18:11 (Std) 	WindowFactory for 'GridLayoutContainer' windows added. (000001FF193413C0)
20/07/2020 02:18:11 (Std) 	CEGUI::System singleton created. (000001FF0CFDB910)
20/07/2020 02:18:11 (Std) 	---- CEGUI System initialisation completed ----
20/07/2020 02:18:11 (Std) 	
20/07/2020 02:18:11 (Std) 	Started creation of Scheme from XML specification:
20/07/2020 02:18:11 (Std) 	---- CEGUI GUIScheme name: TaharezLook
20/07/2020 02:18:11 (Std) 	[ImageManager] Started creation of Imageset from XML specification:
20/07/2020 02:18:11 (Std) 	[ImageManager] ---- CEGUI Imageset name: TaharezLook
20/07/2020 02:18:11 (Std) 	[ImageManager] ---- Source texture file: TaharezLook.png
20/07/2020 02:18:11 (Std) 	[ImageManager] ---- Source texture resource group: (Default)
20/07/2020 02:18:11 (Std) 	[OpenGLRenderer] Created texture: TaharezLook
20/07/2020 02:18:11 (Std) 	[ImageManager] Created image: 'TaharezLook/ClientBrush' (000001FF190B5250) of type: BasicImage
20/07/2020 02:18:11 (Std) 	[ImageManager] Created image: 'TaharezLook/GenericBrush' (000001FF190B5B50) of type: BasicImage
20/07/2020 02:18:11 (Std) 	[ImageManager] Created image: 'TaharezLook/WindowLeftEdge' (000001FF190B5C70) of type: BasicImage
20/07/2020 02:18:11 (Std) 	[ImageManager] Created image: 'TaharezLook/WindowRightEdge' (000001FF190B6690) of type: BasicImage
20/07/2020 02:18:11 (Std) 	[ImageManager] Created image: 'TaharezLook/WindowTopEdge' (000001FF190B67B0) of type: BasicImage
20/07/2020 02:18:11 (Std) 	[ImageManager] Created image: 'TaharezLook/WindowBottomEdge' (000001FF190B4CB0) of type: BasicImage
20/07/2020 02:18:11 (Std) 	[ImageManager] Created image: 'TaharezLook/WindowTopLeft' (000001FF190B6B10) of type: BasicImage
20/07/2020 02:18:11 (Std) 	[ImageManager] Created image: 'TaharezLook/WindowTopRight' (000001FF190B60F0) of type: BasicImage
20/07/2020 02:18:11 (Std) 	[ImageManager] Created image: 'TaharezLook/WindowBottomLeft' (000001FF190B6330) of type: BasicImage
20/07/2020 02:18:11 (Std) 	[ImageManager] Created image: 'TaharezLook/WindowBottomRight' (000001FF190B69F0) of type: BasicImage
20/07/2020 02:18:11 (Std) 	[ImageManager] Created image: 'TaharezLook/ButtonLeftNormal' (000001FF190B55B0) of type: BasicImage
20/07/2020 02:18:11 (Std) 	[ImageManager] Created image: 'TaharezLook/ButtonMiddleNormal' (000001FF190B5370) of type: BasicImage
20/07/2020 02:18:11 (Std) 	[ImageManager] Created image: 'TaharezLook/ButtonRightNormal' (000001FF190B5490) of type: BasicImage
20/07/2020 02:18:11 (Std) 	[ImageManager] Created image: 'TaharezLook/ButtonLeftPushed' (000001FF190B5910) of type: BasicImage
20/07/2020 02:18:11 (Std) 	[ImageManager] Created image: 'TaharezLook/ButtonMiddlePushed' (000001FF190B68D0) of type: BasicImage
20/07/2020 02:18:11 (Std) 	[ImageManager] Created image: 'TaharezLook/ButtonRightPushed' (000001FF190B4EF0) of type: BasicImage
20/07/2020 02:18:11 (Std) 	[ImageManager] Created image: 'TaharezLook/ButtonLeftHighlight' (000001FF190B5130) of type: BasicImage
20/07/2020 02:18:11 (Std) 	[ImageManager] Created image: 'TaharezLook/ButtonMiddleHighlight' (000001FF190B57F0) of type: BasicImage
20/07/2020 02:18:11 (Std) 	[ImageManager] Created image: 'TaharezLook/ButtonRightHighlight' (000001FF190B6450) of type: BasicImage
20/07/2020 02:18:11 (Std) 	[ImageManager] Created image: 'TaharezLook/CheckboxNormal' (000001FF190B5010) of type: BasicImage
20/07/2020 02:18:11 (Std) 	[ImageManager] Created image: 'TaharezLook/CheckboxHover' (000001FF190B56D0) of type: BasicImage
20/07/2020 02:18:11 (Std) 	[ImageManager] Created image: 'TaharezLook/CheckboxMark' (000001FF190B5D90) of type: BasicImage
20/07/2020 02:18:11 (Std) 	[ImageManager] Created image: 'TaharezLook/RadioButtonNormal' (000001FF190B5A30) of type: BasicImage
20/07/2020 02:18:11 (Std) 	[ImageManager] Created image: 'TaharezLook/RadioButtonHover' (000001FF190B5EB0) of type: BasicImage
20/07/2020 02:18:11 (Std) 	[ImageManager] Created image: 'TaharezLook/RadioButtonMark' (000001FF190B5FD0) of type: BasicImage
20/07/2020 02:18:11 (Std) 	[ImageManager] Created image: 'TaharezLook/TitlebarLeft' (000001FF190B6210) of type: BasicImage
20/07/2020 02:18:11 (Std) 	[ImageManager] Created image: 'TaharezLook/TitlebarMiddle' (000001FF190B6570) of type: BasicImage
20/07/2020 02:18:11 (Std) 	[ImageManager] Created image: 'TaharezLook/TitlebarRight' (000001FF18194F60) of type: BasicImage
20/07/2020 02:18:11 (Std) 	[ImageManager] Created image: 'TaharezLook/NewTitlebarLeft' (000001FF190FA450) of type: BasicImage
20/07/2020 02:18:11 (Std) 	[ImageManager] Created image: 'TaharezLook/NewTitlebarMiddle' (000001FF190FC190) of type: BasicImage
20/07/2020 02:18:11 (Std) 	[ImageManager] Created image: 'TaharezLook/NewTitlebarRight' (000001FF190FA570) of type: BasicImage
20/07/2020 02:18:11 (Std) 	[ImageManager] Created image: 'TaharezLook/SysAreaMiddle' (000001FF190FAF90) of type: BasicImage
20/07/2020 02:18:11 (Std) 	[ImageManager] Created image: 'TaharezLook/SysAreaRight' (000001FF190FAB10) of type: BasicImage
20/07/2020 02:18:11 (Std) 	[ImageManager] Created image: 'TaharezLook/StaticLeft' (000001FF190FBF50) of type: BasicImage
20/07/2020 02:18:11 (Std) 	[ImageManager] Created image: 'TaharezLook/StaticRight' (000001FF190FA690) of type: BasicImage
20/07/2020 02:18:11 (Std) 	[ImageManager] Created image: 'TaharezLook/StaticTop' (000001FF190FA8D0) of type: BasicImage
20/07/2020 02:18:11 (Std) 	[ImageManager] Created image: 'TaharezLook/StaticBottom' (000001FF190FC2B0) of type: BasicImage
20/07/2020 02:18:11 (Std) 	[ImageManager] Created image: 'TaharezLook/StaticTopLeft' (000001FF190FC070) of type: BasicImage
20/07/2020 02:18:11 (Std) 	[ImageManager] Created image: 'TaharezLook/StaticTopRight' (000001FF190FB410) of type: BasicImage
20/07/2020 02:18:11 (Std) 	[ImageManager] Created image: 'TaharezLook/StaticBottomLeft' (000001FF190FAC30) of type: BasicImage
20/07/2020 02:18:11 (Std) 	[ImageManager] Created image: 'TaharezLook/StaticBottomRight' (000001FF190FAE70) of type: BasicImage
20/07/2020 02:18:11 (Std) 	[ImageManager] Created image: 'TaharezLook/StaticBackdrop' (000001FF190FA7B0) of type: BasicImage
20/07/2020 02:18:11 (Std) 	[ImageManager] Created image: 'TaharezLook/ProgressBarLeft' (000001FF190FB9B0) of type: BasicImage
20/07/2020 02:18:11 (Std) 	[ImageManager] Created image: 'TaharezLook/ProgressBarMiddle' (000001FF190FBE30) of type: BasicImage
20/07/2020 02:18:11 (Std) 	[ImageManager] Created image: 'TaharezLook/ProgressBarRight' (000001FF190FA9F0) of type: BasicImage
20/07/2020 02:18:11 (Std) 	[ImageManager] Created image: 'TaharezLook/ProgressBarDimSegment' (000001FF190FAD50) of type: BasicImage
20/07/2020 02:18:11 (Std) 	[ImageManager] Created image: 'TaharezLook/ProgressBarLitSegment' (000001FF190FBAD0) of type: BasicImage
20/07/2020 02:18:11 (Std) 	[ImageManager] Created image: 'TaharezLook/EditBoxLeft' (000001FF190FB0B0) of type: BasicImage
20/07/2020 02:18:11 (Std) 	[ImageManager] Created image: 'TaharezLook/EditBoxMiddle' (000001FF190FBBF0) of type: BasicImage
20/07/2020 02:18:11 (Std) 	[ImageManager] Created image: 'TaharezLook/EditBoxRight' (000001FF190FB530) of type: BasicImage
20/07/2020 02:18:11 (Std) 	[ImageManager] Created image: 'TaharezLook/EditBoxCaret' (000001FF190FBD10) of type: BasicImage
20/07/2020 02:18:11 (Std) 	[ImageManager] Created image: 'TaharezLook/SpinnerUpNormal' (000001FF190FB1D0) of type: BasicImage
20/07/2020 02:18:11 (Std) 	[ImageManager] Created image: 'TaharezLook/SpinnerDownNormal' (000001FF190FB650) of type: BasicImage
20/07/2020 02:18:11 (Std) 	[ImageManager] Created image: 'TaharezLook/SpinnerUpHover' (000001FF190FB2F0) of type: BasicImage
20/07/2020 02:18:11 (Std) 	[ImageManager] Created image: 'TaharezLook/SpinnerDownHover' (000001FF190FB770) of type: BasicImage
20/07/2020 02:18:11 (Std) 	[ImageManager] Created image: 'TaharezLook/TextSelectionBrush' (000001FF190FB890) of type: BasicImage
20/07/2020 02:18:11 (Std) 	[ImageManager] Created image: 'TaharezLook/VertScrollTop' (000001FF190FFD30) of type: BasicImage
20/07/2020 02:18:11 (Std) 	[ImageManager] Created image: 'TaharezLook/VertScrollMiddle' (000001FF190FE590) of type: BasicImage
20/07/2020 02:18:11 (Std) 	[ImageManager] Created image: 'TaharezLook/VertScrollBottom' (000001FF190FEC50) of type: BasicImage
20/07/2020 02:18:11 (Std) 	[ImageManager] Created image: 'TaharezLook/VertScrollBarSegment' (000001FF191001B0) of type: BasicImage
20/07/2020 02:18:11 (Std) 	[ImageManager] Created image: 'TaharezLook/VertScrollThumbNormal' (000001FF190FFE50) of type: BasicImage
20/07/2020 02:18:11 (Std) 	[ImageManager] Created image: 'TaharezLook/VertScrollThumbHover' (000001FF190FE470) of type: BasicImage
20/07/2020 02:18:11 (Std) 	[ImageManager] Created image: 'TaharezLook/VertScrollUpNormal' (000001FF190FEFB0) of type: BasicImage
20/07/2020 02:18:11 (Std) 	[ImageManager] Created image: 'TaharezLook/VertScrollDownNormal' (000001FF190FE8F0) of type: BasicImage
20/07/2020 02:18:11 (Std) 	[ImageManager] Created image: 'TaharezLook/VertScrollUpHover' (000001FF190FFF70) of type: BasicImage
20/07/2020 02:18:11 (Std) 	[ImageManager] Created image: 'TaharezLook/VertScrollDownHover' (000001FF190FE6B0) of type: BasicImage
20/07/2020 02:18:11 (Std) 	[ImageManager] Created image: 'TaharezLook/MiniVertScrollBarSegment' (000001FF190FF1F0) of type: BasicImage
20/07/2020 02:18:11 (Std) 	[ImageManager] Created image: 'TaharezLook/MiniVertScrollThumbNormal' (000001FF190FE7D0) of type: BasicImage
20/07/2020 02:18:11 (Std) 	[ImageManager] Created image: 'TaharezLook/MiniVertScrollThumbTopNormal' (000001FF190FF0D0) of type: BasicImage
20/07/2020 02:18:11 (Std) 	[ImageManager] Created image: 'TaharezLook/MiniVertScrollThumbMiddleNormal' (000001FF19100090) of type: BasicImage
20/07/2020 02:18:11 (Std) 	[ImageManager] Created image: 'TaharezLook/MiniVertScrollThumbBottomNormal' (000001FF190FEA10) of type: BasicImage
20/07/2020 02:18:11 (Std) 	[ImageManager] Created image: 'TaharezLook/MiniVertScrollThumbTopHover' (000001FF190FEB30) of type: BasicImage
20/07/2020 02:18:11 (Std) 	[ImageManager] Created image: 'TaharezLook/MiniVertScrollThumbMiddleHover' (000001FF190FED70) of type: BasicImage
20/07/2020 02:18:11 (Std) 	[ImageManager] Created image: 'TaharezLook/MiniVertScrollThumbBottomHover' (000001FF190FFC10) of type: BasicImage
20/07/2020 02:18:11 (Std) 	[ImageManager] Created image: 'TaharezLook/MiniVertScrollThumbHover' (000001FF191002D0) of type: BasicImage
20/07/2020 02:18:11 (Std) 	[ImageManager] Created image: 'TaharezLook/MiniVertScrollUpNormal' (000001FF190FF550) of type: BasicImage
20/07/2020 02:18:11 (Std) 	[ImageManager] Created image: 'TaharezLook/MiniVertScrollDownNormal' (000001FF190FEE90) of type: BasicImage
20/07/2020 02:18:11 (Std) 	[ImageManager] Created image: 'TaharezLook/MiniVertScrollUpHover' (000001FF190FF310) of type: BasicImage
20/07/2020 02:18:11 (Std) 	[ImageManager] Created image: 'TaharezLook/MiniVertScrollDownHover' (000001FF190FF430) of type: BasicImage
20/07/2020 02:18:11 (Std) 	[ImageManager] Created image: 'TaharezLook/VertSliderBody' (000001FF190FF670) of type: BasicImage
20/07/2020 02:18:11 (Std) 	[ImageManager] Created image: 'TaharezLook/VertSliderThumbNormal' (000001FF190FF790) of type: BasicImage
20/07/2020 02:18:11 (Std) 	[ImageManager] Created image: 'TaharezLook/VertSliderThumbHover' (000001FF190FF9D0) of type: BasicImage
20/07/2020 02:18:11 (Std) 	[ImageManager] Created image: 'TaharezLook/MiniHorzScrollBarSegment' (000001FF190FF8B0) of type: BasicImage
20/07/2020 02:18:11 (Std) 	[ImageManager] Created image: 'TaharezLook/MiniHorzScrollThumbNormal' (000001FF190FFAF0) of type: BasicImage
20/07/2020 02:18:11 (Std) 	[ImageManager] Created image: 'TaharezLook/MiniHorzScrollThumbLeftNormal' (000001FF19339CE0) of type: BasicImage
20/07/2020 02:18:11 (Std) 	[ImageManager] Created image: 'TaharezLook/MiniHorzScrollThumbMiddleNormal' (000001FF1933B5A0) of type: BasicImage
20/07/2020 02:18:11 (Std) 	[ImageManager] Created image: 'TaharezLook/MiniHorzScrollThumbRightNormal' (000001FF1933A940) of type: BasicImage
20/07/2020 02:18:11 (Std) 	[ImageManager] Created image: 'TaharezLook/MiniHorzScrollThumbHover' (000001FF1933B6C0) of type: BasicImage
20/07/2020 02:18:11 (Std) 	[ImageManager] Created image: 'TaharezLook/MiniHorzScrollThumbLeftHover' (000001FF1933A3A0) of type: BasicImage
20/07/2020 02:18:11 (Std) 	[ImageManager] Created image: 'TaharezLook/MiniHorzScrollThumbMiddleHover' (000001FF1933AB80) of type: BasicImage
20/07/2020 02:18:11 (Std) 	[ImageManager] Created image: 'TaharezLook/MiniHorzScrollThumbRightHover' (000001FF1933B900) of type: BasicImage
20/07/2020 02:18:11 (Std) 	[ImageManager] Created image: 'TaharezLook/MiniHorzScrollLeftNormal' (000001FF1933A160) of type: BasicImage
20/07/2020 02:18:11 (Std) 	[ImageManager] Created image: 'TaharezLook/MiniHorzScrollRightNormal' (000001FF19339E00) of type: BasicImage
20/07/2020 02:18:11 (Std) 	[ImageManager] Created image: 'TaharezLook/MiniHorzScrollLeftHover' (000001FF1933B480) of type: BasicImage
20/07/2020 02:18:11 (Std) 	[ImageManager] Created image: 'TaharezLook/MiniHorzScrollRightHover' (000001FF19339F20) of type: BasicImage
20/07/2020 02:18:11 (Std) 	[ImageManager] Created image: 'TaharezLook/ListboxLeft' (000001FF1933ACA0) of type: BasicImage
20/07/2020 02:18:11 (Std) 	[ImageManager] Created image: 'TaharezLook/ListboxRight' (000001FF1933ADC0) of type: BasicImage
20/07/2020 02:18:11 (Std) 	[ImageManager] Created image: 'TaharezLook/ListboxTop' (000001FF1933AEE0) of type: BasicImage
20/07/2020 02:18:11 (Std) 	[ImageManager] Created image: 'TaharezLook/ListboxBottom' (000001FF1933B000) of type: BasicImage
20/07/2020 02:18:11 (Std) 	[ImageManager] Created image: 'TaharezLook/ListboxTopLeft' (000001FF1933B120) of type: BasicImage
20/07/2020 02:18:11 (Std) 	[ImageManager] Created image: 'TaharezLook/ListboxTopRight' (000001FF1933B7E0) of type: BasicImage
20/07/2020 02:18:11 (Std) 	[ImageManager] Created image: 'TaharezLook/ListboxBottomLeft' (000001FF1933A040) of type: BasicImage
20/07/2020 02:18:11 (Std) 	[ImageManager] Created image: 'TaharezLook/ListboxBottomRight' (000001FF1933B240) of type: BasicImage
20/07/2020 02:18:11 (Std) 	[ImageManager] Created image: 'TaharezLook/ListboxBackdrop' (000001FF1933A280) of type: BasicImage
20/07/2020 02:18:11 (Std) 	[ImageManager] Created image: 'TaharezLook/ListboxSelectionBrush' (000001FF1933B360) of type: BasicImage
20/07/2020 02:18:11 (Std) 	[ImageManager] Created image: 'TaharezLook/ComboboxEditLeft' (000001FF1933A4C0) of type: BasicImage
20/07/2020 02:18:11 (Std) 	[ImageManager] Created image: 'TaharezLook/ComboboxEditMiddle' (000001FF1933BA20) of type: BasicImage
20/07/2020 02:18:11 (Std) 	[ImageManager] Created image: 'TaharezLook/ComboboxListButtonNormal' (000001FF1933A5E0) of type: BasicImage
20/07/2020 02:18:11 (Std) 	[ImageManager] Created image: 'TaharezLook/ComboboxListButtonHover' (000001FF19339BC0) of type: BasicImage
20/07/2020 02:18:11 (Std) 	[ImageManager] Created image: 'TaharezLook/ComboboxListLeft' (000001FF1933AA60) of type: BasicImage
20/07/2020 02:18:11 (Std) 	[ImageManager] Created image: 'TaharezLook/ComboboxListRight' (000001FF1933A700) of type: BasicImage
20/07/2020 02:18:11 (Std) 	[ImageManager] Created image: 'TaharezLook/ComboboxListTop' (000001FF1933A820) of type: BasicImage
20/07/2020 02:18:11 (Std) 	[ImageManager] Created image: 'TaharezLook/ComboboxListBottom' (000001FF1934AC20) of type: BasicImage
20/07/2020 02:18:11 (Std) 	[ImageManager] Created image: 'TaharezLook/ComboboxListTopLeft' (000001FF19349D80) of type: BasicImage
20/07/2020 02:18:11 (Std) 	[ImageManager] Created image: 'TaharezLook/ComboboxListTopRight' (000001FF1934BAC0) of type: BasicImage
20/07/2020 02:18:11 (Std) 	[ImageManager] Created image: 'TaharezLook/ComboboxListBottomLeft' (000001FF19349EA0) of type: BasicImage
20/07/2020 02:18:11 (Std) 	[ImageManager] Created image: 'TaharezLook/ComboboxListBottomRight' (000001FF1934B880) of type: BasicImage
20/07/2020 02:18:11 (Std) 	[ImageManager] Created image: 'TaharezLook/ComboboxListBackdrop' (000001FF1934A7A0) of type: BasicImage
20/07/2020 02:18:11 (Std) 	[ImageManager] Created image: 'TaharezLook/ComboboxSelectionBrush' (000001FF1934B9A0) of type: BasicImage
20/07/2020 02:18:11 (Std) 	[ImageManager] Created image: 'TaharezLook/ComboboxDividerLeft' (000001FF1934B640) of type: BasicImage
20/07/2020 02:18:11 (Std) 	[ImageManager] Created image: 'TaharezLook/ComboboxDividerMiddle' (000001FF1934AE60) of type: BasicImage
20/07/2020 02:18:11 (Std) 	[ImageManager] Created image: 'TaharezLook/ComboboxDividerRight' (000001FF1934B1C0) of type: BasicImage
20/07/2020 02:18:11 (Std) 	[ImageManager] Created image: 'TaharezLook/HeaderBarBackdropNormal' (000001FF19349FC0) of type: BasicImage
20/07/2020 02:18:11 (Std) 	[ImageManager] Created image: 'TaharezLook/HeaderBarBackdropHover' (000001FF1934B400) of type: BasicImage
20/07/2020 02:18:11 (Std) 	[ImageManager] Created image: 'TaharezLook/HeaderBarSplitterNormal' (000001FF1934A0E0) of type: BasicImage
20/07/2020 02:18:11 (Std) 	[ImageManager] Created image: 'TaharezLook/HeaderBarSplitterHover' (000001FF19349C60) of type: BasicImage
20/07/2020 02:18:11 (Std) 	[ImageManager] Created image: 'TaharezLook/HeaderBarSortUp' (000001FF1934A8C0) of type: BasicImage
20/07/2020 02:18:11 (Std) 	[ImageManager] Created image: 'TaharezLook/HeaderBarSortDown' (000001FF1934A200) of type: BasicImage
20/07/2020 02:18:11 (Std) 	[ImageManager] Created image: 'TaharezLook/MultiListLeft' (000001FF1934B520) of type: BasicImage
20/07/2020 02:18:11 (Std) 	[ImageManager] Created image: 'TaharezLook/MultiListRight' (000001FF1934A320) of type: BasicImage
20/07/2020 02:18:11 (Std) 	[ImageManager] Created image: 'TaharezLook/MultiListTop' (000001FF1934A9E0) of type: BasicImage
20/07/2020 02:18:11 (Std) 	[ImageManager] Created image: 'TaharezLook/MultiListBottom' (000001FF1934AD40) of type: BasicImage
20/07/2020 02:18:11 (Std) 	[ImageManager] Created image: 'TaharezLook/MultiListTopLeft' (000001FF1934A440) of type: BasicImage
20/07/2020 02:18:11 (Std) 	[ImageManager] Created image: 'TaharezLook/MultiListTopRight' (000001FF1934A680) of type: BasicImage
20/07/2020 02:18:11 (Std) 	[ImageManager] Created image: 'TaharezLook/MultiListBottomLeft' (000001FF1934A560) of type: BasicImage
20/07/2020 02:18:11 (Std) 	[ImageManager] Created image: 'TaharezLook/MultiListBottomRight' (000001FF1934AB00) of type: BasicImage
20/07/2020 02:18:11 (Std) 	[ImageManager] Created image: 'TaharezLook/MultiListBackdrop' (000001FF1934B2E0) of type: BasicImage
20/07/2020 02:18:11 (Std) 	[ImageManager] Created image: 'TaharezLook/MultiListSelectionBrush' (000001FF1934AF80) of type: BasicImage
20/07/2020 02:18:11 (Std) 	[ImageManager] Created image: 'TaharezLook/AltProgressLeft' (000001FF1934B0A0) of type: BasicImage
20/07/2020 02:18:11 (Std) 	[ImageManager] Created image: 'TaharezLook/AltProgressMiddle' (000001FF1934B760) of type: BasicImage
20/07/2020 02:18:11 (Std) 	[ImageManager] Created image: 'TaharezLook/AltProgressRight' (000001FF1934D1D0) of type: BasicImage
20/07/2020 02:18:11 (Std) 	[ImageManager] Created image: 'TaharezLook/AltProgressQuarter' (000001FF1934CB10) of type: BasicImage
20/07/2020 02:18:11 (Std) 	[ImageManager] Created image: 'TaharezLook/AltProgressHalf' (000001FF1934BFD0) of type: BasicImage
20/07/2020 02:18:11 (Std) 	[ImageManager] Created image: 'TaharezLook/AltProgressLight1' (000001FF1934D890) of type: BasicImage
20/07/2020 02:18:11 (Std) 	[ImageManager] Created image: 'TaharezLook/AltProgressLight2' (000001FF1934D410) of type: BasicImage
20/07/2020 02:18:11 (Std) 	[ImageManager] Created image: 'TaharezLook/AltProgressLight3' (000001FF1934C7B0) of type: BasicImage
20/07/2020 02:18:11 (Std) 	[ImageManager] Created image: 'TaharezLook/AltProgressLight4' (000001FF1934D0B0) of type: BasicImage
20/07/2020 02:18:11 (Std) 	[ImageManager] Created image: 'TaharezLook/AltProgressLight5' (000001FF1934C450) of type: BasicImage
20/07/2020 02:18:11 (Std) 	[ImageManager] Created image: 'TaharezLook/AltProgressLight6' (000001FF1934C9F0) of type: BasicImage
20/07/2020 02:18:11 (Std) 	[ImageManager] Created image: 'TaharezLook/AltProgressLight7' (000001FF1934CD50) of type: BasicImage
20/07/2020 02:18:11 (Std) 	[ImageManager] Created image: 'TaharezLook/AltProgressLight8' (000001FF1934C0F0) of type: BasicImage
20/07/2020 02:18:11 (Std) 	[ImageManager] Created image: 'TaharezLook/AltProgressLight9' (000001FF1934C690) of type: BasicImage
20/07/2020 02:18:11 (Std) 	[ImageManager] Created image: 'TaharezLook/AltProgressLight10' (000001FF1934D530) of type: BasicImage
20/07/2020 02:18:11 (Std) 	[ImageManager] Created image: 'TaharezLook/CloseButtonNormal' (000001FF1934CC30) of type: BasicImage
20/07/2020 02:18:11 (Std) 	[ImageManager] Created image: 'TaharezLook/CloseButtonHover' (000001FF1934D770) of type: BasicImage
20/07/2020 02:18:11 (Std) 	[ImageManager] Created image: 'TaharezLook/CloseButtonPressed' (000001FF1934D2F0) of type: BasicImage
20/07/2020 02:18:11 (Std) 	[ImageManager] Created image: 'TaharezLook/NewCloseButtonNormal' (000001FF1934BC70) of type: BasicImage
20/07/2020 02:18:11 (Std) 	[ImageManager] Created image: 'TaharezLook/NewCloseButtonHover' (000001FF1934D9B0) of type: BasicImage
20/07/2020 02:18:11 (Std) 	[ImageManager] Created image: 'TaharezLook/NewCloseButtonPressed' (000001FF1934D650) of type: BasicImage
20/07/2020 02:18:11 (Std) 	[ImageManager] Created image: 'TaharezLook/MultiLineEditboxLeft' (000001FF1934DAD0) of type: BasicImage
20/07/2020 02:18:11 (Std) 	[ImageManager] Created image: 'TaharezLook/MultiLineEditboxRight' (000001FF1934C210) of type: BasicImage
20/07/2020 02:18:11 (Std) 	[ImageManager] Created image: 'TaharezLook/MultiLineEditboxTop' (000001FF1934BD90) of type: BasicImage
20/07/2020 02:18:11 (Std) 	[ImageManager] Created image: 'TaharezLook/MultiLineEditboxBottom' (000001FF1934C570) of type: BasicImage
20/07/2020 02:18:11 (Std) 	[ImageManager] Created image: 'TaharezLook/MultiLineEditboxTopLeft' (000001FF1934BEB0) of type: BasicImage
20/07/2020 02:18:11 (Std) 	[ImageManager] Created image: 'TaharezLook/MultiLineEditboxTopRight' (000001FF1934CE70) of type: BasicImage
20/07/2020 02:18:11 (Std) 	[ImageManager] Created image: 'TaharezLook/MultiLineEditboxBottomLeft' (000001FF1934C330) of type: BasicImage
20/07/2020 02:18:11 (Std) 	[ImageManager] Created image: 'TaharezLook/MultiLineEditboxBottomRight' (000001FF1934C8D0) of type: BasicImage
20/07/2020 02:18:11 (Std) 	[ImageManager] Created image: 'TaharezLook/MultiLineEditboxBackdrop' (000001FF1934CF90) of type: BasicImage
20/07/2020 02:18:11 (Std) 	[ImageManager] Created image: 'TaharezLook/MultiLineEditboxSelectionBrush' (000001FF1939B700) of type: BasicImage
20/07/2020 02:18:11 (Std) 	[ImageManager] Created image: 'TaharezLook/MouseTarget' (000001FF1939BDC0) of type: BasicImage
20/07/2020 02:18:11 (Std) 	[ImageManager] Created image: 'TaharezLook/MouseArrow' (000001FF1939C360) of type: BasicImage
20/07/2020 02:18:11 (Std) 	[ImageManager] Created image: 'TaharezLook/MouseMoveCursor' (000001FF1939AE00) of type: BasicImage
20/07/2020 02:18:11 (Std) 	[ImageManager] Created image: 'TaharezLook/MouseNoSoCursor' (000001FF1939BB80) of type: BasicImage
20/07/2020 02:18:11 (Std) 	[ImageManager] Created image: 'TaharezLook/MouseEsWeCursor' (000001FF1939C240) of type: BasicImage
20/07/2020 02:18:11 (Std) 	[ImageManager] Created image: 'TaharezLook/MouseNeSwCursor' (000001FF1939A620) of type: BasicImage
20/07/2020 02:18:11 (Std) 	[ImageManager] Created image: 'TaharezLook/MouseNwSeCursor' (000001FF1939B820) of type: BasicImage
20/07/2020 02:18:11 (Std) 	[ImageManager] Created image: 'TaharezLook/MouseTextBar' (000001FF1939B160) of type: BasicImage
20/07/2020 02:18:11 (Std) 	[ImageManager] Created image: 'TaharezLook/TabHorizontalFiller' (000001FF1939AF20) of type: BasicImage
20/07/2020 02:18:11 (Std) 	[ImageManager] Created image: 'TaharezLook/TabContentPaneUpperLeft' (000001FF1939C000) of type: BasicImage
20/07/2020 02:18:11 (Std) 	[ImageManager] Created image: 'TaharezLook/TabContentPaneUpper' (000001FF1939B040) of type: BasicImage
20/07/2020 02:18:11 (Std) 	[ImageManager] Created image: 'TaharezLook/TabContentPaneUpperRight' (000001FF1939C480) of type: BasicImage
20/07/2020 02:18:11 (Std) 	[ImageManager] Created image: 'TaharezLook/TabContentPaneLeft' (000001FF1939BCA0) of type: BasicImage
20/07/2020 02:18:11 (Std) 	[ImageManager] Created image: 'TaharezLook/TabContentPaneRight' (000001FF1939A740) of type: BasicImage
20/07/2020 02:18:11 (Std) 	[ImageManager] Created image: 'TaharezLook/TabContentPaneLower' (000001FF1939B280) of type: BasicImage
20/07/2020 02:18:11 (Std) 	[ImageManager] Created image: 'TaharezLook/TabContentPaneLowerLeft' (000001FF1939B940) of type: BasicImage
20/07/2020 02:18:11 (Std) 	[ImageManager] Created image: 'TaharezLook/TabContentPaneLowerRight' (000001FF1939B3A0) of type: BasicImage
20/07/2020 02:18:11 (Std) 	[ImageManager] Created image: 'TaharezLook/TabContentPaneMiddle' (000001FF1939A860) of type: BasicImage
20/07/2020 02:18:11 (Std) 	[ImageManager] Created image: 'TaharezLook/TabButtonScrollLeftNormal' (000001FF1939BA60) of type: BasicImage
20/07/2020 02:18:11 (Std) 	[ImageManager] Created image: 'TaharezLook/TabButtonScrollRightNormal' (000001FF1939A980) of type: BasicImage
20/07/2020 02:18:11 (Std) 	[ImageManager] Created image: 'TaharezLook/TabButtonScrollLeftHover' (000001FF1939AAA0) of type: BasicImage
20/07/2020 02:18:11 (Std) 	[ImageManager] Created image: 'TaharezLook/TabButtonScrollRightHover' (000001FF1939B4C0) of type: BasicImage
20/07/2020 02:18:11 (Std) 	[ImageManager] Created image: 'TaharezLook/TabButtonLeftNormal' (000001FF1939C120) of type: BasicImage
20/07/2020 02:18:11 (Std) 	[ImageManager] Created image: 'TaharezLook/TabButtonRightNormal' (000001FF1939B5E0) of type: BasicImage
20/07/2020 02:18:11 (Std) 	[ImageManager] Created image: 'TaharezLook/TabButtonUpperNormal' (000001FF1939BEE0) of type: BasicImage
20/07/2020 02:18:11 (Std) 	[ImageManager] Created image: 'TaharezLook/TabButtonLowerNormal' (000001FF1939ABC0) of type: BasicImage
20/07/2020 02:18:11 (Std) 	[ImageManager] Created image: 'TaharezLook/TabButtonUpperLeftNormal' (000001FF1939ACE0) of type: BasicImage
20/07/2020 02:18:11 (Std) 	[ImageManager] Created image: 'TaharezLook/TabButtonUpperLeft2Normal' (000001FF193A3CE0) of type: BasicImage
20/07/2020 02:18:11 (Std) 	[ImageManager] Created image: 'TaharezLook/TabButtonUpperRightNormal' (000001FF193A2660) of type: BasicImage
20/07/2020 02:18:11 (Std) 	[ImageManager] Created image: 'TaharezLook/TabButtonLowerLeftNormal' (000001FF193A2AE0) of type: BasicImage
20/07/2020 02:18:11 (Std) 	[ImageManager] Created image: 'TaharezLook/TabButtonLowerRightNormal' (000001FF193A4280) of type: BasicImage
20/07/2020 02:18:11 (Std) 	[ImageManager] Created image: 'TaharezLook/TabButtonLowerRight2Normal' (000001FF193A43A0) of type: BasicImage
20/07/2020 02:18:11 (Std) 	[ImageManager] Created image: 'TaharezLook/TabButtonMiddleNormal' (000001FF193A3E00) of type: BasicImage
20/07/2020 02:18:11 (Std) 	[ImageManager] Created image: 'TaharezLook/TabButtonLeftSelected' (000001FF193A3740) of type: BasicImage
20/07/2020 02:18:11 (Std) 	[ImageManager] Created image: 'TaharezLook/TabButtonRightSelected' (000001FF193A29C0) of type: BasicImage
20/07/2020 02:18:11 (Std) 	[ImageManager] Created image: 'TaharezLook/TabButtonUpperSelected' (000001FF193A2780) of type: BasicImage
20/07/2020 02:18:11 (Std) 	[ImageManager] Created image: 'TaharezLook/TabButtonLowerSelected' (000001FF193A3620) of type: BasicImage
20/07/2020 02:18:11 (Std) 	[ImageManager] Created image: 'TaharezLook/TabButtonUpperLeftSelected' (000001FF193A44C0) of type: BasicImage
20/07/2020 02:18:11 (Std) 	[ImageManager] Created image: 'TaharezLook/TabButtonUpperRightSelected' (000001FF193A32C0) of type: BasicImage
20/07/2020 02:18:11 (Std) 	[ImageManager] Created image: 'TaharezLook/TabButtonLowerLeftSelected' (000001FF193A4040) of type: BasicImage
20/07/2020 02:18:11 (Std) 	[ImageManager] Created image: 'TaharezLook/TabButtonLowerRightSelected' (000001FF193A33E0) of type: BasicImage
20/07/2020 02:18:11 (Std) 	[ImageManager] Created image: 'TaharezLook/TabButtonMiddleSelected' (000001FF193A3860) of type: BasicImage
20/07/2020 02:18:11 (Std) 	[ImageManager] Created image: 'TaharezLook/TooltipTopLeft' (000001FF193A2C00) of type: BasicImage
20/07/2020 02:18:11 (Std) 	[ImageManager] Created image: 'TaharezLook/TooltipTopRight' (000001FF193A2D20) of type: BasicImage
20/07/2020 02:18:11 (Std) 	[ImageManager] Created image: 'TaharezLook/TooltipBottomLeft' (000001FF193A3500) of type: BasicImage
20/07/2020 02:18:11 (Std) 	[ImageManager] Created image: 'TaharezLook/TooltipBottomRight' (000001FF193A4160) of type: BasicImage
20/07/2020 02:18:11 (Std) 	[ImageManager] Created image: 'TaharezLook/TooltipLeftEdge' (000001FF193A2E40) of type: BasicImage
20/07/2020 02:18:11 (Std) 	[ImageManager] Created image: 'TaharezLook/TooltipRightEdge' (000001FF193A28A0) of type: BasicImage
20/07/2020 02:18:11 (Std) 	[ImageManager] Created image: 'TaharezLook/TooltipTopEdge' (000001FF193A3F20) of type: BasicImage
20/07/2020 02:18:11 (Std) 	[ImageManager] Created image: 'TaharezLook/TooltipBottomEdge' (000001FF193A3980) of type: BasicImage
20/07/2020 02:18:11 (Std) 	[ImageManager] Created image: 'TaharezLook/TooltipMiddle' (000001FF193A3AA0) of type: BasicImage
20/07/2020 02:18:11 (Std) 	[ImageManager] Created image: 'TaharezLook/MenuTopLeft' (000001FF193A3BC0) of type: BasicImage
20/07/2020 02:18:11 (Std) 	[ImageManager] Created image: 'TaharezLook/MenuTopRight' (000001FF193A2F60) of type: BasicImage
20/07/2020 02:18:11 (Std) 	[ImageManager] Created image: 'TaharezLook/MenuBottomLeft' (000001FF193A3080) of type: BasicImage
20/07/2020 02:18:11 (Std) 	[ImageManager] Created image: 'TaharezLook/MenuBottomRight' (000001FF193A31A0) of type: BasicImage
20/07/2020 02:18:11 (Std) 	[ImageManager] Created image: 'TaharezLook/MenuLeft' (000001FF193A7760) of type: BasicImage
20/07/2020 02:18:11 (Std) 	[ImageManager] Created image: 'TaharezLook/MenuRight' (000001FF193A70A0) of type: BasicImage
20/07/2020 02:18:11 (Std) 	[ImageManager] Created image: 'TaharezLook/MenuTop' (000001FF193A6B00) of type: BasicImage
20/07/2020 02:18:11 (Std) 	[ImageManager] Created image: 'TaharezLook/MenuBottom' (000001FF193A7880) of type: BasicImage
20/07/2020 02:18:11 (Std) 	[ImageManager] Created image: 'TaharezLook/MenuMiddle' (000001FF193A71C0) of type: BasicImage
20/07/2020 02:18:11 (Std) 	[ImageManager] Created image: 'TaharezLook/PopupMenuFrameTopLeft' (000001FF193A6C20) of type: BasicImage
20/07/2020 02:18:11 (Std) 	[ImageManager] Created image: 'TaharezLook/PopupMenuFrameTopRight' (000001FF193A83C0) of type: BasicImage
20/07/2020 02:18:11 (Std) 	[ImageManager] Created image: 'TaharezLook/PopupMenuFrameBottomLeft' (000001FF193A68C0) of type: BasicImage
20/07/2020 02:18:11 (Std) 	[ImageManager] Created image: 'TaharezLook/PopupMenuFrameBottomRight' (000001FF193A7400) of type: BasicImage
20/07/2020 02:18:11 (Std) 	[ImageManager] Created image: 'TaharezLook/PopupMenuFrameLeft' (000001FF193A7E20) of type: BasicImage
20/07/2020 02:18:11 (Std) 	[ImageManager] Created image: 'TaharezLook/PopupMenuFrameRight' (000001FF193A7640) of type: BasicImage
20/07/2020 02:18:11 (Std) 	[ImageManager] Created image: 'TaharezLook/PopupMenuFrameTop' (000001FF193A7520) of type: BasicImage
20/07/2020 02:18:11 (Std) 	[ImageManager] Created image: 'TaharezLook/PopupMenuFrameBottom' (000001FF193A79A0) of type: BasicImage
20/07/2020 02:18:11 (Std) 	[ImageManager] Created image: 'TaharezLook/PopupMenuMiddle' (000001FF193A82A0) of type: BasicImage
20/07/2020 02:18:11 (Std) 	[ImageManager] Created image: 'TaharezLook/PopupMenuArrowRight' (000001FF193A7F40) of type: BasicImage
20/07/2020 02:18:11 (Std) 	[ImageManager] Created image: 'TaharezLook/PopupMenuArrowLeft' (000001FF193A67A0) of type: BasicImage
20/07/2020 02:18:11 (Std) 	[ImageManager] Created image: 'TaharezLook/TreeListClosed' (000001FF193A7D00) of type: BasicImage
20/07/2020 02:18:11 (Std) 	[ImageManager] Created image: 'TaharezLook/TreeListOpened' (000001FF193A84E0) of type: BasicImage
20/07/2020 02:18:11 (Std) 	[ImageManager] Created image: 'TaharezLook/UpArrow' (000001FF193A6680) of type: BasicImage
20/07/2020 02:18:11 (Std) 	===== Falagard 'root' element: look and feel parsing begins =====
20/07/2020 02:18:11 (Std) 	===== Look and feel parsing completed =====
20/07/2020 02:18:11 (Std) 	No window renderer factories specified for module 'CEGUICoreWindowRendererSet' - adding all available factories...
20/07/2020 02:18:11 (Std) 	Created WindowRendererFactory for 'Core/Button' WindowRenderers.
20/07/2020 02:18:11 (Std) 	WindowRendererFactory 'Core/Button' added. (000001FF1939C630)
20/07/2020 02:18:11 (Std) 	Created WindowRendererFactory for 'Core/Default' WindowRenderers.
20/07/2020 02:18:11 (Std) 	WindowRendererFactory 'Core/Default' added. (000001FF1939C7B0)
20/07/2020 02:18:11 (Std) 	Created WindowRendererFactory for 'Core/Editbox' WindowRenderers.
20/07/2020 02:18:11 (Std) 	WindowRendererFactory 'Core/Editbox' added. (000001FF1939CB70)
20/07/2020 02:18:11 (Std) 	Created WindowRendererFactory for 'Core/FrameWindow' WindowRenderers.
20/07/2020 02:18:11 (Std) 	WindowRendererFactory 'Core/FrameWindow' added. (000001FF19341180)
20/07/2020 02:18:11 (Std) 	Created WindowRendererFactory for 'Core/ItemEntry' WindowRenderers.
20/07/2020 02:18:11 (Std) 	WindowRendererFactory 'Core/ItemEntry' added. (000001FF19340280)
20/07/2020 02:18:11 (Std) 	Created WindowRendererFactory for 'Core/ListHeader' WindowRenderers.
20/07/2020 02:18:11 (Std) 	WindowRendererFactory 'Core/ListHeader' added. (000001FF1939CC30)
20/07/2020 02:18:11 (Std) 	Created WindowRendererFactory for 'Core/ListHeaderSegment' WindowRenderers.
20/07/2020 02:18:11 (Std) 	WindowRendererFactory 'Core/ListHeaderSegment' added. (000001FF193C1D70)
20/07/2020 02:18:11 (Std) 	Created WindowRendererFactory for 'Core/Listbox' WindowRenderers.
20/07/2020 02:18:11 (Std) 	WindowRendererFactory 'Core/Listbox' added. (000001FF193C06F0)
20/07/2020 02:18:11 (Std) 	Created WindowRendererFactory for 'Core/Menubar' WindowRenderers.
20/07/2020 02:18:11 (Std) 	WindowRendererFactory 'Core/Menubar' added. (000001FF193C10B0)
20/07/2020 02:18:11 (Std) 	Created WindowRendererFactory for 'Core/MenuItem' WindowRenderers.
20/07/2020 02:18:11 (Std) 	WindowRendererFactory 'Core/MenuItem' added. (000001FF193C2070)
20/07/2020 02:18:11 (Std) 	Created WindowRendererFactory for 'Core/MultiColumnList' WindowRenderers.
20/07/2020 02:18:11 (Std) 	WindowRendererFactory 'Core/MultiColumnList' added. (000001FF193C1170)
20/07/2020 02:18:11 (Std) 	Created WindowRendererFactory for 'Core/MultiLineEditbox' WindowRenderers.
20/07/2020 02:18:11 (Std) 	WindowRendererFactory 'Core/MultiLineEditbox' added. (000001FF193C1CB0)
20/07/2020 02:18:11 (Std) 	Created WindowRendererFactory for 'Core/PopupMenu' WindowRenderers.
20/07/2020 02:18:11 (Std) 	WindowRendererFactory 'Core/PopupMenu' added. (000001FF193C2130)
20/07/2020 02:18:11 (Std) 	Created WindowRendererFactory for 'Core/ProgressBar' WindowRenderers.
20/07/2020 02:18:11 (Std) 	WindowRendererFactory 'Core/ProgressBar' added. (000001FF193C1530)
20/07/2020 02:18:11 (Std) 	Created WindowRendererFactory for 'Core/ScrollablePane' WindowRenderers.
20/07/2020 02:18:11 (Std) 	WindowRendererFactory 'Core/ScrollablePane' added. (000001FF193C0CF0)
20/07/2020 02:18:11 (Std) 	Created WindowRendererFactory for 'Core/Scrollbar' WindowRenderers.
20/07/2020 02:18:11 (Std) 	WindowRendererFactory 'Core/Scrollbar' added. (000001FF193C0DB0)
20/07/2020 02:18:11 (Std) 	Created WindowRendererFactory for 'Core/Slider' WindowRenderers.
20/07/2020 02:18:11 (Std) 	WindowRendererFactory 'Core/Slider' added. (000001FF193C1770)
20/07/2020 02:18:11 (Std) 	Created WindowRendererFactory for 'Core/Static' WindowRenderers.
20/07/2020 02:18:11 (Std) 	WindowRendererFactory 'Core/Static' added. (000001FF193C13B0)
20/07/2020 02:18:11 (Std) 	Created WindowRendererFactory for 'Core/StaticImage' WindowRenderers.
20/07/2020 02:18:11 (Std) 	WindowRendererFactory 'Core/StaticImage' added. (000001FF193C1830)
20/07/2020 02:18:11 (Std) 	Created WindowRendererFactory for 'Core/StaticText' WindowRenderers.
20/07/2020 02:18:11 (Std) 	WindowRendererFactory 'Core/StaticText' added. (000001FF193C1470)
20/07/2020 02:18:11 (Std) 	Created WindowRendererFactory for 'Core/TabButton' WindowRenderers.
20/07/2020 02:18:11 (Std) 	WindowRendererFactory 'Core/TabButton' added. (000001FF193C15F0)
20/07/2020 02:18:11 (Std) 	Created WindowRendererFactory for 'Core/TabControl' WindowRenderers.
20/07/2020 02:18:11 (Std) 	WindowRendererFactory 'Core/TabControl' added. (000001FF193C2370)
20/07/2020 02:18:11 (Std) 	Created WindowRendererFactory for 'Core/Titlebar' WindowRenderers.
20/07/2020 02:18:11 (Std) 	WindowRendererFactory 'Core/Titlebar' added. (000001FF193C0F30)
20/07/2020 02:18:11 (Std) 	Created WindowRendererFactory for 'Core/ToggleButton' WindowRenderers.
20/07/2020 02:18:11 (Std) 	WindowRendererFactory 'Core/ToggleButton' added. (000001FF193C1230)
20/07/2020 02:18:11 (Std) 	Created WindowRendererFactory for 'Core/Tooltip' WindowRenderers.
20/07/2020 02:18:11 (Std) 	WindowRendererFactory 'Core/Tooltip' added. (000001FF193C1E30)
20/07/2020 02:18:11 (Std) 	Created WindowRendererFactory for 'Core/ItemListbox' WindowRenderers.
20/07/2020 02:18:11 (Std) 	WindowRendererFactory 'Core/ItemListbox' added. (000001FF193C1B30)
20/07/2020 02:18:11 (Std) 	Created WindowRendererFactory for 'Core/Tree' WindowRenderers.
20/07/2020 02:18:11 (Std) 	WindowRendererFactory 'Core/Tree' added. (000001FF193C1EF0)
20/07/2020 02:18:11 (Std) 	Creating falagard mapping for type 'TaharezLook/Label' using base type 'DefaultWindow', window renderer 'Core/Default' Look'N'Feel 'TaharezLook/Label' and RenderEffect ''. (000000E8911ED090)
20/07/2020 02:18:11 (Std) 	Creating falagard mapping for type 'TaharezLook/Button' using base type 'CEGUI/PushButton', window renderer 'Core/Button' Look'N'Feel 'TaharezLook/Button' and RenderEffect ''. (000000E8911ED090)
20/07/2020 02:18:11 (Std) 	Creating falagard mapping for type 'TaharezLook/Checkbox' using base type 'CEGUI/ToggleButton', window renderer 'Core/ToggleButton' Look'N'Feel 'TaharezLook/Checkbox' and RenderEffect ''. (000000E8911ED090)
20/07/2020 02:18:11 (Std) 	Creating falagard mapping for type 'TaharezLook/ImageButton' using base type 'CEGUI/PushButton', window renderer 'Core/Button' Look'N'Feel 'TaharezLook/ImageButton' and RenderEffect ''. (000000E8911ED090)
20/07/2020 02:18:11 (Std) 	Creating falagard mapping for type 'TaharezLook/RadioButton' using base type 'CEGUI/RadioButton', window renderer 'Core/ToggleButton' Look'N'Feel 'TaharezLook/RadioButton' and RenderEffect ''. (000000E8911ED090)
20/07/2020 02:18:11 (Std) 	Creating falagard mapping for type 'TaharezLook/FrameWindow' using base type 'CEGUI/FrameWindow', window renderer 'Core/FrameWindow' Look'N'Feel 'TaharezLook/FrameWindow' and RenderEffect ''. (000000E8911ED090)
20/07/2020 02:18:11 (Std) 	Creating falagard mapping for type 'TaharezLook/Titlebar' using base type 'CEGUI/Titlebar', window renderer 'Core/Titlebar' Look'N'Feel 'TaharezLook/Titlebar' and RenderEffect ''. (000000E8911ED090)
20/07/2020 02:18:11 (Std) 	Creating falagard mapping for type 'TaharezLook/Editbox' using base type 'CEGUI/Editbox', window renderer 'Core/Editbox' Look'N'Feel 'TaharezLook/Editbox' and RenderEffect ''. (000000E8911ED090)
20/07/2020 02:18:11 (Std) 	Creating falagard mapping for type 'TaharezLook/MultiLineEditbox' using base type 'CEGUI/MultiLineEditbox', window renderer 'Core/MultiLineEditbox' Look'N'Feel 'TaharezLook/MultiLineEditbox' and RenderEffect ''. (000000E8911ED090)
20/07/2020 02:18:11 (Std) 	Creating falagard mapping for type 'TaharezLook/Menubar' using base type 'CEGUI/Menubar', window renderer 'Core/Menubar' Look'N'Feel 'TaharezLook/Menubar' and RenderEffect ''. (000000E8911ED090)
20/07/2020 02:18:11 (Std) 	Creating falagard mapping for type 'TaharezLook/PopupMenu' using base type 'CEGUI/PopupMenu', window renderer 'Core/PopupMenu' Look'N'Feel 'TaharezLook/PopupMenu' and RenderEffect ''. (000000E8911ED090)
20/07/2020 02:18:11 (Std) 	Creating falagard mapping for type 'TaharezLook/MenuItem' using base type 'CEGUI/MenuItem', window renderer 'Core/MenuItem' Look'N'Feel 'TaharezLook/MenuItem' and RenderEffect ''. (000000E8911ED090)
20/07/2020 02:18:11 (Std) 	Creating falagard mapping for type 'TaharezLook/AlternateProgressBar' using base type 'CEGUI/ProgressBar', window renderer 'Core/ProgressBar' Look'N'Feel 'TaharezLook/AltProgressBar' and RenderEffect ''. (000000E8911ED090)
20/07/2020 02:18:11 (Std) 	Creating falagard mapping for type 'TaharezLook/ProgressBar' using base type 'CEGUI/ProgressBar', window renderer 'Core/ProgressBar' Look'N'Feel 'TaharezLook/ProgressBar' and RenderEffect ''. (000000E8911ED090)
20/07/2020 02:18:11 (Std) 	Creating falagard mapping for type 'TaharezLook/VUMeter' using base type 'CEGUI/ProgressBar', window renderer 'Core/ProgressBar' Look'N'Feel 'TaharezLook/VUMeter' and RenderEffect ''. (000000E8911ED090)
20/07/2020 02:18:11 (Std) 	Creating falagard mapping for type 'TaharezLook/VerticalScrollbar' using base type 'CEGUI/Scrollbar', window renderer 'Core/Scrollbar' Look'N'Feel 'TaharezLook/VerticalScrollbar' and RenderEffect ''. (000000E8911ED090)
20/07/2020 02:18:11 (Std) 	Creating falagard mapping for type 'TaharezLook/HorizontalScrollbar' using base type 'CEGUI/Scrollbar', window renderer 'Core/Scrollbar' Look'N'Feel 'TaharezLook/HorizontalScrollbar' and RenderEffect ''. (000000E8911ED090)
20/07/2020 02:18:11 (Std) 	Creating falagard mapping for type 'TaharezLook/VerticalScrollbarThumb' using base type 'CEGUI/Thumb', window renderer 'Core/Button' Look'N'Feel 'TaharezLook/VerticalScrollbarThumb' and RenderEffect ''. (000000E8911ED090)
20/07/2020 02:18:11 (Std) 	Creating falagard mapping for type 'TaharezLook/HorizontalScrollbarThumb' using base type 'CEGUI/Thumb', window renderer 'Core/Button' Look'N'Feel 'TaharezLook/HorizontalScrollbarThumb' and RenderEffect ''. (000000E8911ED090)
20/07/2020 02:18:11 (Std) 	Creating falagard mapping for type 'TaharezLook/LargeVerticalScrollbar' using base type 'CEGUI/Scrollbar', window renderer 'Core/Scrollbar' Look'N'Feel 'TaharezLook/LargeVerticalScrollbar' and RenderEffect ''. (000000E8911ED090)
20/07/2020 02:18:11 (Std) 	Creating falagard mapping for type 'TaharezLook/LargeVerticalScrollbarThumb' using base type 'CEGUI/Thumb', window renderer 'Core/Button' Look'N'Feel 'TaharezLook/LargeVerticalScrollbarThumb' and RenderEffect ''. (000000E8911ED090)
20/07/2020 02:18:11 (Std) 	Creating falagard mapping for type 'TaharezLook/TabButton' using base type 'CEGUI/TabButton', window renderer 'Core/TabButton' Look'N'Feel 'TaharezLook/TabButton' and RenderEffect ''. (000000E8911ED090)
20/07/2020 02:18:11 (Std) 	Creating falagard mapping for type 'TaharezLook/TabControl' using base type 'CEGUI/TabControl', window renderer 'Core/TabControl' Look'N'Feel 'TaharezLook/TabControl' and RenderEffect ''. (000000E8911ED090)
20/07/2020 02:18:11 (Std) 	Creating falagard mapping for type 'TaharezLook/TabContentPane' using base type 'DefaultWindow', window renderer 'Core/Default' Look'N'Feel 'TaharezLook/TabContentPane' and RenderEffect ''. (000000E8911ED090)
20/07/2020 02:18:11 (Std) 	Creating falagard mapping for type 'TaharezLook/TabButtonPane' using base type 'DefaultWindow', window renderer 'Core/Default' Look'N'Feel 'TaharezLook/TabButtonPane' and RenderEffect ''. (000000E8911ED090)
20/07/2020 02:18:11 (Std) 	Creating falagard mapping for type 'TaharezLook/ComboDropList' using base type 'CEGUI/ComboDropList', window renderer 'Core/Listbox' Look'N'Feel 'TaharezLook/ComboDropList' and RenderEffect ''. (000000E8911ED090)
20/07/2020 02:18:11 (Std) 	Creating falagard mapping for type 'TaharezLook/ComboEditbox' using base type 'CEGUI/Editbox', window renderer 'Core/Editbox' Look'N'Feel 'TaharezLook/ComboEditbox' and RenderEffect ''. (000000E8911ED090)
20/07/2020 02:18:11 (Std) 	Creating falagard mapping for type 'TaharezLook/Combobox' using base type 'CEGUI/Combobox', window renderer 'Core/Default' Look'N'Feel 'TaharezLook/Combobox' and RenderEffect ''. (000000E8911ED090)
20/07/2020 02:18:11 (Std) 	Creating falagard mapping for type 'TaharezLook/Listbox' using base type 'CEGUI/Listbox', window renderer 'Core/Listbox' Look'N'Feel 'TaharezLook/Listbox' and RenderEffect ''. (000000E8911ED090)
20/07/2020 02:18:11 (Std) 	Creating falagard mapping for type 'TaharezLook/ListHeader' using base type 'CEGUI/ListHeader', window renderer 'Core/ListHeader' Look'N'Feel 'TaharezLook/ListHeader' and RenderEffect ''. (000000E8911ED090)
20/07/2020 02:18:11 (Std) 	Creating falagard mapping for type 'TaharezLook/ListHeaderSegment' using base type 'CEGUI/ListHeaderSegment', window renderer 'Core/ListHeaderSegment' Look'N'Feel 'TaharezLook/ListHeaderSegment' and RenderEffect ''. (000000E8911ED090)
20/07/2020 02:18:11 (Std) 	Creating falagard mapping for type 'TaharezLook/MultiColumnList' using base type 'CEGUI/MultiColumnList', window renderer 'Core/MultiColumnList' Look'N'Feel 'TaharezLook/MultiColumnList' and RenderEffect ''. (000000E8911ED090)
20/07/2020 02:18:11 (Std) 	Creating falagard mapping for type 'TaharezLook/Slider' using base type 'CEGUI/Slider', window renderer 'Core/Slider' Look'N'Feel 'TaharezLook/Slider' and RenderEffect ''. (000000E8911ED090)
20/07/2020 02:18:11 (Std) 	Creating falagard mapping for type 'TaharezLook/SliderThumb' using base type 'CEGUI/Thumb', window renderer 'Core/Button' Look'N'Feel 'TaharezLook/SliderThumb' and RenderEffect ''. (000000E8911ED090)
20/07/2020 02:18:11 (Std) 	Creating falagard mapping for type 'TaharezLook/ScrollablePane' using base type 'CEGUI/ScrollablePane', window renderer 'Core/ScrollablePane' Look'N'Feel 'TaharezLook/ScrollablePane' and RenderEffect ''. (000000E8911ED090)
20/07/2020 02:18:11 (Std) 	Creating falagard mapping for type 'TaharezLook/Spinner' using base type 'CEGUI/Spinner', window renderer 'Core/Default' Look'N'Feel 'TaharezLook/Spinner' and RenderEffect ''. (000000E8911ED090)
20/07/2020 02:18:11 (Std) 	Creating falagard mapping for type 'TaharezLook/Tooltip' using base type 'CEGUI/Tooltip', window renderer 'Core/Tooltip' Look'N'Feel 'TaharezLook/Tooltip' and RenderEffect ''. (000000E8911ED090)
20/07/2020 02:18:11 (Std) 	Creating falagard mapping for type 'TaharezLook/StaticImage' using base type 'DefaultWindow', window renderer 'Core/StaticImage' Look'N'Feel 'TaharezLook/StaticImage' and RenderEffect ''. (000000E8911ED090)
20/07/2020 02:18:11 (Std) 	Creating falagard mapping for type 'TaharezLook/StaticText' using base type 'DefaultWindow', window renderer 'Core/StaticText' Look'N'Feel 'TaharezLook/StaticText' and RenderEffect ''. (000000E8911ED090)
20/07/2020 02:18:11 (Std) 	Creating falagard mapping for type 'TaharezLook/ItemListbox' using base type 'CEGUI/ItemListbox', window renderer 'Core/ItemListbox' Look'N'Feel 'TaharezLook/ItemListbox' and RenderEffect ''. (000000E8911ED090)
20/07/2020 02:18:11 (Std) 	Creating falagard mapping for type 'TaharezLook/ListboxItem' using base type 'CEGUI/ItemEntry', window renderer 'Core/ItemEntry' Look'N'Feel 'TaharezLook/ListboxItem' and RenderEffect ''. (000000E8911ED090)
20/07/2020 02:18:11 (Std) 	Creating falagard mapping for type 'TaharezLook/GroupBox' using base type 'DefaultWindow', window renderer 'Core/Default' Look'N'Feel 'TaharezLook/GroupBox' and RenderEffect ''. (000000E8911ED090)
20/07/2020 02:18:11 (Std) 	Creating falagard mapping for type 'TaharezLook/Tree' using base type 'CEGUI/Tree', window renderer 'Core/Tree' Look'N'Feel 'TaharezLook/Tree' and RenderEffect ''. (000000E8911ED090)
20/07/2020 02:18:11 (Std) 	[OpenGLRenderer] Created texture: DejaVuSans-10_auto_glyph_images_32
20/07/2020 02:18:39 (Std) 	Started creation of Scheme from XML specification:
20/07/2020 02:18:39 (Std) 	---- CEGUI GUIScheme name: AlfiskoSkin
20/07/2020 02:18:39 (Std) 	[ImageManager] Started creation of Imageset from XML specification:
20/07/2020 02:18:39 (Std) 	[ImageManager] ---- CEGUI Imageset name: AlfiskoSkin
20/07/2020 02:18:39 (Std) 	[ImageManager] ---- Source texture file: AlfiskoSkin.png
20/07/2020 02:18:39 (Std) 	[ImageManager] ---- Source texture resource group: (Default)
20/07/2020 02:18:39 (Std) 	[OpenGLRenderer] Created texture: AlfiskoSkin
20/07/2020 02:18:39 (Std) 	[ImageManager] Created image: 'AlfiskoSkin/WindowB' (000001FF19646D40) of type: BasicImage
20/07/2020 02:18:39 (Std) 	[ImageManager] Created image: 'AlfiskoSkin/WindowL' (000001FF1964A6A0) of type: BasicImage
20/07/2020 02:18:39 (Std) 	[ImageManager] Created image: 'AlfiskoSkin/WindowR' (000001FF19647640) of type: BasicImage
20/07/2020 02:18:39 (Std) 	[ImageManager] Created image: 'AlfiskoSkin/WindowT' (000001FF196495C0) of type: BasicImage
20/07/2020 02:18:39 (Std) 	[ImageManager] Created image: 'AlfiskoSkin/EditboxB' (000001FF19649260) of type: BasicImage
20/07/2020 02:18:39 (Std) 	[ImageManager] Created image: 'AlfiskoSkin/EditboxL' (000001FF1964AC40) of type: BasicImage
20/07/2020 02:18:39 (Std) 	[ImageManager] Created image: 'AlfiskoSkin/EditboxR' (000001FF19648060) of type: BasicImage
20/07/2020 02:18:39 (Std) 	[ImageManager] Created image: 'AlfiskoSkin/EditboxT' (000001FF1964AA00) of type: BasicImage
20/07/2020 02:18:39 (Std) 	[ImageManager] Created image: 'AlfiskoSkin/WindowBL' (000001FF19647880) of type: BasicImage
20/07/2020 02:18:39 (Std) 	[ImageManager] Created image: 'AlfiskoSkin/WindowBR' (000001FF196496E0) of type: BasicImage
20/07/2020 02:18:39 (Std) 	[ImageManager] Created image: 'AlfiskoSkin/WindowTL' (000001FF196479A0) of type: BasicImage
20/07/2020 02:18:39 (Std) 	[ImageManager] Created image: 'AlfiskoSkin/WindowTR' (000001FF19646F80) of type: BasicImage
20/07/2020 02:18:39 (Std) 	[ImageManager] Created image: 'AlfiskoSkin/EditboxBL' (000001FF19646560) of type: BasicImage
20/07/2020 02:18:39 (Std) 	[ImageManager] Created image: 'AlfiskoSkin/EditboxBR' (000001FF19649B60) of type: BasicImage
20/07/2020 02:18:39 (Std) 	[ImageManager] Created image: 'AlfiskoSkin/EditboxTL' (000001FF196470A0) of type: BasicImage
20/07/2020 02:18:39 (Std) 	[ImageManager] Created image: 'AlfiskoSkin/EditboxTR' (000001FF1964A7C0) of type: BasicImage
20/07/2020 02:18:39 (Std) 	[ImageManager] Created image: 'AlfiskoSkin/MouseMove' (000001FF19647AC0) of type: BasicImage
20/07/2020 02:18:39 (Std) 	[ImageManager] Created image: 'AlfiskoSkin/MouseNeSw' (000001FF19649C80) of type: BasicImage
20/07/2020 02:18:39 (Std) 	[ImageManager] Created image: 'AlfiskoSkin/NewImage1' (000001FF196471C0) of type: BasicImage
20/07/2020 02:18:39 (Std) 	[ImageManager] Created image: 'AlfiskoSkin/MouseArrow' (000001FF196472E0) of type: BasicImage
20/07/2020 02:18:39 (Std) 	[ImageManager] Created image: 'AlfiskoSkin/WindowFill' (000001FF19647BE0) of type: BasicImage
20/07/2020 02:18:39 (Std) 	[ImageManager] Created image: 'AlfiskoSkin/EditboxFill' (000001FF19647400) of type: BasicImage
20/07/2020 02:18:39 (Std) 	[ImageManager] Created image: 'AlfiskoSkin/WindowClipB' (000001FF19647520) of type: BasicImage
20/07/2020 02:18:39 (Std) 	[ImageManager] Created image: 'AlfiskoSkin/WindowClipL' (000001FF1964A340) of type: BasicImage
20/07/2020 02:18:39 (Std) 	[ImageManager] Created image: 'AlfiskoSkin/WindowClipR' (000001FF19647D00) of type: BasicImage
20/07/2020 02:18:39 (Std) 	[ImageManager] Created image: 'AlfiskoSkin/WindowClipT' (000001FF196484E0) of type: BasicImage
20/07/2020 02:18:39 (Std) 	[ImageManager] Created image: 'AlfiskoSkin/ButtonHoverB' (000001FF19647E20) of type: BasicImage
20/07/2020 02:18:39 (Std) 	[ImageManager] Created image: 'AlfiskoSkin/ButtonHoverL' (000001FF19649EC0) of type: BasicImage
20/07/2020 02:18:39 (Std) 	[ImageManager] Created image: 'AlfiskoSkin/ButtonHoverR' (000001FF19649020) of type: BasicImage
20/07/2020 02:18:39 (Std) 	[ImageManager] Created image: 'AlfiskoSkin/ButtonHoverT' (000001FF19648840) of type: BasicImage
20/07/2020 02:18:39 (Std) 	[ImageManager] Created image: 'AlfiskoSkin/GenericBrush' (000001FF19646680) of type: BasicImage
20/07/2020 02:18:39 (Std) 	[ImageManager] Created image: 'AlfiskoSkin/MouseTextBar' (000001FF19648180) of type: BasicImage
20/07/2020 02:18:39 (Std) 	[ImageManager] Created image: 'AlfiskoSkin/ButtonHoverBL' (000001FF19648BA0) of type: BasicImage
20/07/2020 02:18:39 (Std) 	[ImageManager] Created image: 'AlfiskoSkin/ButtonHoverBR' (000001FF19648CC0) of type: BasicImage
20/07/2020 02:18:39 (Std) 	[ImageManager] Created image: 'AlfiskoSkin/ButtonHoverTL' (000001FF19648F00) of type: BasicImage
20/07/2020 02:18:39 (Std) 	[ImageManager] Created image: 'AlfiskoSkin/ButtonHoverTR' (000001FF19649DA0) of type: BasicImage
20/07/2020 02:18:39 (Std) 	[ImageManager] Created image: 'AlfiskoSkin/ButtonNormalB' (000001FF19647F40) of type: BasicImage
20/07/2020 02:18:39 (Std) 	[ImageManager] Created image: 'AlfiskoSkin/ButtonNormalL' (000001FF19649FE0) of type: BasicImage
20/07/2020 02:18:39 (Std) 	[ImageManager] Created image: 'AlfiskoSkin/ButtonNormalR' (000001FF196467A0) of type: BasicImage
20/07/2020 02:18:39 (Std) 	[ImageManager] Created image: 'AlfiskoSkin/ButtonNormalT' (000001FF1964A100) of type: BasicImage
20/07/2020 02:18:39 (Std) 	[ImageManager] Created image: 'AlfiskoSkin/ButtonPushedB' (000001FF196482A0) of type: BasicImage
20/07/2020 02:18:39 (Std) 	[ImageManager] Created image: 'AlfiskoSkin/ButtonPushedL' (000001FF1964AB20) of type: BasicImage
20/07/2020 02:18:39 (Std) 	[ImageManager] Created image: 'AlfiskoSkin/ButtonPushedR' (000001FF19648A80) of type: BasicImage
20/07/2020 02:18:39 (Std) 	[ImageManager] Created image: 'AlfiskoSkin/ButtonPushedT' (000001FF19649140) of type: BasicImage
20/07/2020 02:18:39 (Std) 	[ImageManager] Created image: 'AlfiskoSkin/CheckboxHover' (000001FF196483C0) of type: BasicImage
20/07/2020 02:18:39 (Std) 	[ImageManager] Created image: 'AlfiskoSkin/ProgressFullB' (000001FF1964A460) of type: BasicImage
20/07/2020 02:18:39 (Std) 	[ImageManager] Created image: 'AlfiskoSkin/ProgressFullL' (000001FF1964A580) of type: BasicImage
20/07/2020 02:18:39 (Std) 	[ImageManager] Created image: 'AlfiskoSkin/ProgressFullR' (000001FF1964A8E0) of type: BasicImage
20/07/2020 02:18:39 (Std) 	[ImageManager] Created image: 'AlfiskoSkin/ProgressFullT' (000001FF19648600) of type: BasicImage
20/07/2020 02:18:39 (Std) 	[ImageManager] Created image: 'AlfiskoSkin/ScrollUpHover' (000001FF196468C0) of type: BasicImage
20/07/2020 02:18:39 (Std) 	[ImageManager] Created image: 'AlfiskoSkin/ButtonNormalBL' (000001FF196469E0) of type: BasicImage
20/07/2020 02:18:39 (Std) 	[ImageManager] Created image: 'AlfiskoSkin/ButtonNormalBR' (000001FF19648720) of type: BasicImage
20/07/2020 02:18:39 (Std) 	[ImageManager] Created image: 'AlfiskoSkin/ButtonNormalTL' (000001FF19646B00) of type: BasicImage
20/07/2020 02:18:39 (Std) 	[ImageManager] Created image: 'AlfiskoSkin/ButtonNormalTR' (000001FF1964CE00) of type: BasicImage
20/07/2020 02:18:39 (Std) 	[ImageManager] Created image: 'AlfiskoSkin/ButtonPushedBL' (000001FF1964C080) of type: BasicImage
20/07/2020 02:18:39 (Std) 	[ImageManager] Created image: 'AlfiskoSkin/ButtonPushedBR' (000001FF1964C620) of type: BasicImage
20/07/2020 02:18:39 (Std) 	[ImageManager] Created image: 'AlfiskoSkin/ButtonPushedTL' (000001FF1964CF20) of type: BasicImage
20/07/2020 02:18:39 (Std) 	[ImageManager] Created image: 'AlfiskoSkin/ButtonPushedTR' (000001FF1964C3E0) of type: BasicImage
20/07/2020 02:18:39 (Std) 	[ImageManager] Created image: 'AlfiskoSkin/CheckboxNormal' (000001FF1964B420) of type: BasicImage
20/07/2020 02:18:39 (Std) 	[ImageManager] Created image: 'AlfiskoSkin/HorzScrollbarB' (000001FF1964C740) of type: BasicImage
20/07/2020 02:18:39 (Std) 	[ImageManager] Created image: 'AlfiskoSkin/HorzScrollbarT' (000001FF1964B300) of type: BasicImage
20/07/2020 02:18:39 (Std) 	[ImageManager] Created image: 'AlfiskoSkin/ProgressEmptyB' (000001FF1964D280) of type: BasicImage
20/07/2020 02:18:39 (Std) 	[ImageManager] Created image: 'AlfiskoSkin/ProgressEmptyL' (000001FF1964B780) of type: BasicImage
20/07/2020 02:18:39 (Std) 	[ImageManager] Created image: 'AlfiskoSkin/ProgressEmptyR' (000001FF1964CBC0) of type: BasicImage
20/07/2020 02:18:39 (Std) 	[ImageManager] Created image: 'AlfiskoSkin/ProgressEmptyT' (000001FF1964B540) of type: BasicImage
20/07/2020 02:18:39 (Std) 	[ImageManager] Created image: 'AlfiskoSkin/ProgressFullBL' (000001FF1964B9C0) of type: BasicImage
20/07/2020 02:18:39 (Std) 	[ImageManager] Created image: 'AlfiskoSkin/ProgressFullBR' (000001FF1964C860) of type: BasicImage
20/07/2020 02:18:39 (Std) 	[ImageManager] Created image: 'AlfiskoSkin/ProgressFullTL' (000001FF1964C1A0) of type: BasicImage
20/07/2020 02:18:39 (Std) 	[ImageManager] Created image: 'AlfiskoSkin/ProgressFullTR' (000001FF1964D040) of type: BasicImage
20/07/2020 02:18:39 (Std) 	[ImageManager] Created image: 'AlfiskoSkin/ProgressShadow' (000001FF1964BAE0) of type: BasicImage
20/07/2020 02:18:39 (Std) 	[ImageManager] Created image: 'AlfiskoSkin/ScrollUpNormal' (000001FF1964B8A0) of type: BasicImage
20/07/2020 02:18:39 (Std) 	[ImageManager] Created image: 'AlfiskoSkin/ScrollUpPushed' (000001FF1964B1E0) of type: BasicImage
20/07/2020 02:18:39 (Std) 	[ImageManager] Created image: 'AlfiskoSkin/TitlebarDummy1' (000001FF1964C500) of type: BasicImage
20/07/2020 02:18:39 (Std) 	[ImageManager] Created image: 'AlfiskoSkin/VertScrollbarL' (000001FF1964D160) of type: BasicImage
20/07/2020 02:18:39 (Std) 	[ImageManager] Created image: 'AlfiskoSkin/VertScrollbarR' (000001FF1964CCE0) of type: BasicImage
20/07/2020 02:18:39 (Std) 	[ImageManager] Created image: 'AlfiskoSkin/CheckboxChecked' (000001FF1964D3A0) of type: BasicImage
20/07/2020 02:18:39 (Std) 	[ImageManager] Created image: 'AlfiskoSkin/HorzThumbHoverB' (000001FF1964C2C0) of type: BasicImage
20/07/2020 02:18:39 (Std) 	[ImageManager] Created image: 'AlfiskoSkin/HorzThumbHoverT' (000001FF1964AFA0) of type: BasicImage
20/07/2020 02:18:39 (Std) 	[ImageManager] Created image: 'AlfiskoSkin/ProgressEmptyBL' (000001FF1964C980) of type: BasicImage
20/07/2020 02:18:39 (Std) 	[ImageManager] Created image: 'AlfiskoSkin/ProgressEmptyBR' (000001FF1964B660) of type: BasicImage
20/07/2020 02:18:39 (Std) 	[ImageManager] Created image: 'AlfiskoSkin/ProgressEmptyTL' (000001FF1964BC00) of type: BasicImage
20/07/2020 02:18:39 (Std) 	[ImageManager] Created image: 'AlfiskoSkin/ProgressEmptyTR' (000001FF1964AD60) of type: BasicImage
20/07/2020 02:18:39 (Std) 	[ImageManager] Created image: 'AlfiskoSkin/ScrollDownHover' (000001FF1964CAA0) of type: BasicImage
20/07/2020 02:18:39 (Std) 	[ImageManager] Created image: 'AlfiskoSkin/ScrollLeftHover' (000001FF1964AE80) of type: BasicImage
20/07/2020 02:18:39 (Std) 	[ImageManager] Created image: 'AlfiskoSkin/TitlebarActiveB' (000001FF1964B0C0) of type: BasicImage
20/07/2020 02:18:39 (Std) 	[ImageManager] Created image: 'AlfiskoSkin/TitlebarActiveL' (000001FF1964BD20) of type: BasicImage
20/07/2020 02:18:39 (Std) 	[ImageManager] Created image: 'AlfiskoSkin/TitlebarActiveR' (000001FF1964BE40) of type: BasicImage
20/07/2020 02:18:39 (Std) 	[ImageManager] Created image: 'AlfiskoSkin/TitlebarActiveT' (000001FF1964BF60) of type: BasicImage
20/07/2020 02:18:39 (Std) 	[ImageManager] Created image: 'AlfiskoSkin/VertThumbHoverL' (000001FF196405C0) of type: BasicImage
20/07/2020 02:18:39 (Std) 	[ImageManager] Created image: 'AlfiskoSkin/VertThumbHoverR' (000001FF19640B60) of type: BasicImage
20/07/2020 02:18:39 (Std) 	[ImageManager] Created image: 'AlfiskoSkin/ButtonHoverFill1' (000001FF196406E0) of type: BasicImage
20/07/2020 02:18:39 (Std) 	[ImageManager] Created image: 'AlfiskoSkin/ButtonHoverFill2' (000001FF1963D680) of type: BasicImage
20/07/2020 02:18:39 (Std) 	[ImageManager] Created image: 'AlfiskoSkin/HorzSliderTrackL' (000001FF19641460) of type: BasicImage
20/07/2020 02:18:39 (Std) 	[ImageManager] Created image: 'AlfiskoSkin/HorzSliderTrackR' (000001FF1963F3C0) of type: BasicImage
20/07/2020 02:18:39 (Std) 	[ImageManager] Created image: 'AlfiskoSkin/HorzThumbHoverBL' (000001FF1963EF40) of type: BasicImage
20/07/2020 02:18:39 (Std) 	[ImageManager] Created image: 'AlfiskoSkin/HorzThumbHoverBR' (000001FF1963F060) of type: BasicImage
20/07/2020 02:18:39 (Std) 	[ImageManager] Created image: 'AlfiskoSkin/HorzThumbHoverTL' (000001FF1963F840) of type: BasicImage
20/07/2020 02:18:39 (Std) 	[ImageManager] Created image: 'AlfiskoSkin/HorzThumbHoverTR' (000001FF1963FCC0) of type: BasicImage
20/07/2020 02:18:39 (Std) 	[ImageManager] Created image: 'AlfiskoSkin/HorzThumbNormalB' (000001FF19641100) of type: BasicImage
20/07/2020 02:18:39 (Std) 	[ImageManager] Created image: 'AlfiskoSkin/HorzThumbNormalT' (000001FF1963D8C0) of type: BasicImage
20/07/2020 02:18:39 (Std) 	[ImageManager] Created image: 'AlfiskoSkin/HorzThumbPushedB' (000001FF1963DB00) of type: BasicImage
20/07/2020 02:18:39 (Std) 	[ImageManager] Created image: 'AlfiskoSkin/HorzThumbPushedT' (000001FF1963DD40) of type: BasicImage
20/07/2020 02:18:39 (Std) 	[ImageManager] Created image: 'AlfiskoSkin/HorzThumbShadowL' (000001FF196404A0) of type: BasicImage
20/07/2020 02:18:39 (Std) 	[ImageManager] Created image: 'AlfiskoSkin/HorzThumbShadowR' (000001FF19640380) of type: BasicImage
20/07/2020 02:18:39 (Std) 	[ImageManager] Created image: 'AlfiskoSkin/ProgressFullFill' (000001FF19640800) of type: BasicImage
20/07/2020 02:18:39 (Std) 	[ImageManager] Created image: 'AlfiskoSkin/RadioButtonHover' (000001FF1963FA80) of type: BasicImage
20/07/2020 02:18:39 (Std) 	[ImageManager] Created image: 'AlfiskoSkin/ScrollDownNormal' (000001FF19640920) of type: BasicImage
20/07/2020 02:18:39 (Std) 	[ImageManager] Created image: 'AlfiskoSkin/ScrollDownPushed' (000001FF19640A40) of type: BasicImage
20/07/2020 02:18:39 (Std) 	[ImageManager] Created image: 'AlfiskoSkin/ScrollLeftNormal' (000001FF1963EAC0) of type: BasicImage
20/07/2020 02:18:39 (Std) 	[ImageManager] Created image: 'AlfiskoSkin/ScrollLeftPushed' (000001FF1963D7A0) of type: BasicImage
20/07/2020 02:18:39 (Std) 	[ImageManager] Created image: 'AlfiskoSkin/ScrollRightHover' (000001FF19640C80) of type: BasicImage
20/07/2020 02:18:39 (Std) 	[ImageManager] Created image: 'AlfiskoSkin/TitlebarActiveBL' (000001FF1963F180) of type: BasicImage
20/07/2020 02:18:39 (Std) 	[ImageManager] Created image: 'AlfiskoSkin/TitlebarActiveBR' (000001FF19640DA0) of type: BasicImage
20/07/2020 02:18:39 (Std) 	[ImageManager] Created image: 'AlfiskoSkin/TitlebarActiveTL' (000001FF1963D9E0) of type: BasicImage
20/07/2020 02:18:39 (Std) 	[ImageManager] Created image: 'AlfiskoSkin/TitlebarActiveTR' (000001FF1963FBA0) of type: BasicImage
20/07/2020 02:18:39 (Std) 	[ImageManager] Created image: 'AlfiskoSkin/VertSliderTrackB' (000001FF19640EC0) of type: BasicImage
20/07/2020 02:18:39 (Std) 	[ImageManager] Created image: 'AlfiskoSkin/VertSliderTrackT' (000001FF1963E2E0) of type: BasicImage
20/07/2020 02:18:39 (Std) 	[ImageManager] Created image: 'AlfiskoSkin/VertThumbHoverBL' (000001FF1963F960) of type: BasicImage
20/07/2020 02:18:39 (Std) 	[ImageManager] Created image: 'AlfiskoSkin/VertThumbHoverBR' (000001FF1963F2A0) of type: BasicImage
20/07/2020 02:18:39 (Std) 	[ImageManager] Created image: 'AlfiskoSkin/VertThumbHoverTL' (000001FF19640FE0) of type: BasicImage
20/07/2020 02:18:39 (Std) 	[ImageManager] Created image: 'AlfiskoSkin/VertThumbHoverTR' (000001FF1963DC20) of type: BasicImage
20/07/2020 02:18:39 (Std) 	[ImageManager] Created image: 'AlfiskoSkin/VertThumbNormalL' (000001FF19641220) of type: BasicImage
20/07/2020 02:18:39 (Std) 	[ImageManager] Created image: 'AlfiskoSkin/VertThumbNormalR' (000001FF1963F4E0) of type: BasicImage
20/07/2020 02:18:39 (Std) 	[ImageManager] Created image: 'AlfiskoSkin/VertThumbPushedL' (000001FF19641340) of type: BasicImage
20/07/2020 02:18:39 (Std) 	[ImageManager] Created image: 'AlfiskoSkin/VertThumbPushedR' (000001FF1963DE60) of type: BasicImage
20/07/2020 02:18:39 (Std) 	[ImageManager] Created image: 'AlfiskoSkin/VertThumbShadowB' (000001FF1963F720) of type: BasicImage
20/07/2020 02:18:39 (Std) 	[ImageManager] Created image: 'AlfiskoSkin/VertThumbShadowT' (000001FF1963F600) of type: BasicImage
20/07/2020 02:18:39 (Std) 	[ImageManager] Created image: 'AlfiskoSkin/ButtonNormalFill1' (000001FF1963FDE0) of type: BasicImage
20/07/2020 02:18:39 (Std) 	[ImageManager] Created image: 'AlfiskoSkin/ButtonNormalFill2' (000001FF19641B20) of type: BasicImage
20/07/2020 02:18:39 (Std) 	[ImageManager] Created image: 'AlfiskoSkin/ButtonPushedFill1' (000001FF1963FF00) of type: BasicImage
20/07/2020 02:18:39 (Std) 	[ImageManager] Created image: 'AlfiskoSkin/ButtonPushedFill2' (000001FF1963DF80) of type: BasicImage
20/07/2020 02:18:39 (Std) 	[ImageManager] Created image: 'AlfiskoSkin/CloseButtonNormal' (000001FF19641580) of type: BasicImage
20/07/2020 02:18:39 (Std) 	[ImageManager] Created image: 'AlfiskoSkin/CloseButtonPushed' (000001FF19640020) of type: BasicImage
20/07/2020 02:18:39 (Std) 	[ImageManager] Created image: 'AlfiskoSkin/HorzSliderShadowL' (000001FF1963EBE0) of type: BasicImage
20/07/2020 02:18:39 (Std) 	[ImageManager] Created image: 'AlfiskoSkin/HorzSliderShadowR' (000001FF1963D560) of type: BasicImage
20/07/2020 02:18:39 (Std) 	[ImageManager] Created image: 'AlfiskoSkin/HorzThumbNormalBL' (000001FF19640140) of type: BasicImage
20/07/2020 02:18:39 (Std) 	[ImageManager] Created image: 'AlfiskoSkin/HorzThumbNormalBR' (000001FF1963E0A0) of type: BasicImage
20/07/2020 02:18:39 (Std) 	[ImageManager] Created image: 'AlfiskoSkin/HorzThumbNormalTL' (000001FF196416A0) of type: BasicImage
20/07/2020 02:18:39 (Std) 	[ImageManager] Created image: 'AlfiskoSkin/HorzThumbNormalTR' (000001FF196417C0) of type: BasicImage
20/07/2020 02:18:39 (Std) 	[ImageManager] Created image: 'AlfiskoSkin/HorzThumbPushedBL' (000001FF1963E1C0) of type: BasicImage
20/07/2020 02:18:39 (Std) 	[ImageManager] Created image: 'AlfiskoSkin/HorzThumbPushedBR' (000001FF196418E0) of type: BasicImage
20/07/2020 02:18:39 (Std) 	[ImageManager] Created image: 'AlfiskoSkin/HorzThumbPushedTL' (000001FF19640260) of type: BasicImage
20/07/2020 02:18:39 (Std) 	[ImageManager] Created image: 'AlfiskoSkin/HorzThumbPushedTR' (000001FF19641A00) of type: BasicImage
20/07/2020 02:18:39 (Std) 	[ImageManager] Created image: 'AlfiskoSkin/ProgressEmptyFill' (000001FF19641C40) of type: BasicImage
20/07/2020 02:18:39 (Std) 	[ImageManager] Created image: 'AlfiskoSkin/RadioButtonNormal' (000001FF1963E400) of type: BasicImage
20/07/2020 02:18:39 (Std) 	[ImageManager] Created image: 'AlfiskoSkin/ScrollRightNormal' (000001FF1963E520) of type: BasicImage
20/07/2020 02:18:39 (Std) 	[ImageManager] Created image: 'AlfiskoSkin/ScrollRightPushed' (000001FF1963E640) of type: BasicImage
20/07/2020 02:18:39 (Std) 	[ImageManager] Created image: 'AlfiskoSkin/TitlebarInactiveB' (000001FF1963E760) of type: BasicImage
20/07/2020 02:18:39 (Std) 	[ImageManager] Created image: 'AlfiskoSkin/TitlebarInactiveL' (000001FF1963E880) of type: BasicImage
20/07/2020 02:18:39 (Std) 	[ImageManager] Created image: 'AlfiskoSkin/TitlebarInactiveR' (000001FF1963E9A0) of type: BasicImage
20/07/2020 02:18:39 (Std) 	[ImageManager] Created image: 'AlfiskoSkin/TitlebarInactiveT' (000001FF1963ED00) of type: BasicImage
20/07/2020 02:18:39 (Std) 	[ImageManager] Created image: 'AlfiskoSkin/VertSliderShadowB' (000001FF1963EE20) of type: BasicImage
20/07/2020 02:18:39 (Std) 	[ImageManager] Created image: 'AlfiskoSkin/VertSliderShadowT' (000001FF19B8D7C0) of type: BasicImage
20/07/2020 02:18:39 (Std) 	[ImageManager] Created image: 'AlfiskoSkin/VertThumbNormalBL' (000001FF19B8D8E0) of type: BasicImage
20/07/2020 02:18:39 (Std) 	[ImageManager] Created image: 'AlfiskoSkin/VertThumbNormalBR' (000001FF19B8D220) of type: BasicImage
20/07/2020 02:18:39 (Std) 	[ImageManager] Created image: 'AlfiskoSkin/VertThumbNormalTL' (000001FF19B8DE80) of type: BasicImage
20/07/2020 02:18:39 (Std) 	[ImageManager] Created image: 'AlfiskoSkin/VertThumbNormalTR' (000001FF19B8DA00) of type: BasicImage
20/07/2020 02:18:39 (Std) 	[ImageManager] Created image: 'AlfiskoSkin/VertThumbPushedBL' (000001FF19B90B80) of type: BasicImage
20/07/2020 02:18:39 (Std) 	[ImageManager] Created image: 'AlfiskoSkin/VertThumbPushedBR' (000001FF19B8F860) of type: BasicImage
20/07/2020 02:18:39 (Std) 	[ImageManager] Created image: 'AlfiskoSkin/VertThumbPushedTL' (000001FF19B8DFA0) of type: BasicImage
20/07/2020 02:18:39 (Std) 	[ImageManager] Created image: 'AlfiskoSkin/VertThumbPushedTR' (000001FF19B90700) of type: BasicImage
20/07/2020 02:18:39 (Std) 	[ImageManager] Created image: 'AlfiskoSkin/HorzScrollbarFill1' (000001FF19B8EAE0) of type: BasicImage
20/07/2020 02:18:39 (Std) 	[ImageManager] Created image: 'AlfiskoSkin/HorzScrollbarFill2' (000001FF19B8D340) of type: BasicImage
20/07/2020 02:18:39 (Std) 	[ImageManager] Created image: 'AlfiskoSkin/RadioButtonChecked' (000001FF19B8DB20) of type: BasicImage
20/07/2020 02:18:39 (Std) 	[ImageManager] Created image: 'AlfiskoSkin/TitlebarInactiveBL' (000001FF19B8D460) of type: BasicImage
20/07/2020 02:18:39 (Std) 	[ImageManager] Created image: 'AlfiskoSkin/TitlebarInactiveBR' (000001FF19B8E0C0) of type: BasicImage
20/07/2020 02:18:39 (Std) 	[ImageManager] Created image: 'AlfiskoSkin/TitlebarInactiveTL' (000001FF19B8D100) of type: BasicImage
20/07/2020 02:18:39 (Std) 	[ImageManager] Created image: 'AlfiskoSkin/TitlebarInactiveTR' (000001FF19B8DC40) of type: BasicImage
20/07/2020 02:18:39 (Std) 	[ImageManager] Created image: 'AlfiskoSkin/VertScrollbarFill1' (000001FF19B8F740) of type: BasicImage
20/07/2020 02:18:39 (Std) 	[ImageManager] Created image: 'AlfiskoSkin/VertScrollbarFill2' (000001FF19B8E660) of type: BasicImage
20/07/2020 02:18:39 (Std) 	[ImageManager] Created image: 'AlfiskoSkin/HorzSliderTrackFill' (000001FF19B8EF60) of type: BasicImage
20/07/2020 02:18:39 (Std) 	[ImageManager] Created image: 'AlfiskoSkin/TitlebarActiveFill1' (000001FF19B8DD60) of type: BasicImage
20/07/2020 02:18:39 (Std) 	[ImageManager] Created image: 'AlfiskoSkin/TitlebarActiveFill2' (000001FF19B8E1E0) of type: BasicImage
20/07/2020 02:18:39 (Std) 	[ImageManager] Created image: 'AlfiskoSkin/VertSliderTrackFill' (000001FF19B91480) of type: BasicImage
20/07/2020 02:18:39 (Std) 	[ImageManager] Created image: 'AlfiskoSkin/HorzSliderThumbHover' (000001FF19B8EC00) of type: BasicImage
20/07/2020 02:18:39 (Std) 	[ImageManager] Created image: 'AlfiskoSkin/VertSliderThumbHover' (000001FF19B8F620) of type: BasicImage
20/07/2020 02:18:39 (Std) 	[ImageManager] Created image: 'AlfiskoSkin/HorzSliderThumbNormal' (000001FF19B8F080) of type: BasicImage
20/07/2020 02:18:39 (Std) 	[ImageManager] Created image: 'AlfiskoSkin/HorzSliderThumbPushed' (000001FF19B8F980) of type: BasicImage
20/07/2020 02:18:39 (Std) 	[ImageManager] Created image: 'AlfiskoSkin/TitlebarInactiveFill1' (000001FF19B8D6A0) of type: BasicImage
20/07/2020 02:18:39 (Std) 	[ImageManager] Created image: 'AlfiskoSkin/TitlebarInactiveFill2' (000001FF19B8ED20) of type: BasicImage
20/07/2020 02:18:39 (Std) 	[ImageManager] Created image: 'AlfiskoSkin/VertSliderThumbNormal' (000001FF19B90A60) of type: BasicImage
20/07/2020 02:18:39 (Std) 	[ImageManager] Created image: 'AlfiskoSkin/VertSliderThumbPushed' (000001FF19B8F2C0) of type: BasicImage
20/07/2020 02:18:39 (Std) 	---- Returning existing instance of Font named 'DejaVuSans-12'.
20/07/2020 02:18:39 (Std) 	===== Falagard 'root' element: look and feel parsing begins =====
20/07/2020 02:18:39 (Std) 	===== Look and feel parsing completed =====
20/07/2020 02:18:39 (Std) 	No window renderer factories specified for module 'CEGUICoreWindowRendererSet' - adding all available factories...
20/07/2020 02:18:39 (Std) 	Creating falagard mapping for type 'AlfiskoSkin/Label' using base type 'DefaultWindow', window renderer 'Core/Default' Look'N'Feel 'AlfiskoSkin/Label' and RenderEffect ''. (000000E8911ED130)
20/07/2020 02:18:39 (Std) 	Creating falagard mapping for type 'AlfiskoSkin/Button' using base type 'CEGUI/PushButton', window renderer 'Core/Button' Look'N'Feel 'AlfiskoSkin/Button' and RenderEffect ''. (000000E8911ED130)
20/07/2020 02:18:39 (Std) 	Creating falagard mapping for type 'AlfiskoSkin/ImageButton' using base type 'CEGUI/PushButton', window renderer 'Core/Button' Look'N'Feel 'AlfiskoSkin/ImageButton' and RenderEffect ''. (000000E8911ED130)
20/07/2020 02:18:39 (Std) 	Creating falagard mapping for type 'AlfiskoSkin/RadioButton' using base type 'CEGUI/RadioButton', window renderer 'Core/ToggleButton' Look'N'Feel 'AlfiskoSkin/RadioButton' and RenderEffect ''. (000000E8911ED130)
20/07/2020 02:18:39 (Std) 	Creating falagard mapping for type 'AlfiskoSkin/Checkbox' using base type 'CEGUI/ToggleButton', window renderer 'Core/ToggleButton' Look'N'Feel 'AlfiskoSkin/Checkbox' and RenderEffect ''. (000000E8911ED130)
20/07/2020 02:18:39 (Std) 	Creating falagard mapping for type 'AlfiskoSkin/Titlebar' using base type 'CEGUI/Titlebar', window renderer 'Core/Titlebar' Look'N'Feel 'AlfiskoSkin/Titlebar' and RenderEffect ''. (000000E8911ED130)
20/07/2020 02:18:39 (Std) 	Creating falagard mapping for type 'AlfiskoSkin/FrameWindow' using base type 'CEGUI/FrameWindow', window renderer 'Core/FrameWindow' Look'N'Feel 'AlfiskoSkin/FrameWindow' and RenderEffect ''. (000000E8911ED130)
20/07/2020 02:18:39 (Std) 	Creating falagard mapping for type 'AlfiskoSkin/Editbox' using base type 'CEGUI/Editbox', window renderer 'Core/Editbox' Look'N'Feel 'AlfiskoSkin/Editbox' and RenderEffect ''. (000000E8911ED130)
20/07/2020 02:18:39 (Std) 	Creating falagard mapping for type 'AlfiskoSkin/VerticalScrollbarThumb' using base type 'CEGUI/Thumb', window renderer 'Core/Button' Look'N'Feel 'AlfiskoSkin/VerticalScrollbarThumb' and RenderEffect ''. (000000E8911ED130)
20/07/2020 02:18:39 (Std) 	Creating falagard mapping for type 'AlfiskoSkin/VerticalScrollbar' using base type 'CEGUI/Scrollbar', window renderer 'Core/Scrollbar' Look'N'Feel 'AlfiskoSkin/VerticalScrollbar' and RenderEffect ''. (000000E8911ED130)
20/07/2020 02:18:39 (Std) 	Creating falagard mapping for type 'AlfiskoSkin/HorizontalScrollbarThumb' using base type 'CEGUI/Thumb', window renderer 'Core/Button' Look'N'Feel 'AlfiskoSkin/HorizontalScrollbarThumb' and RenderEffect ''. (000000E8911ED130)
20/07/2020 02:18:39 (Std) 	Creating falagard mapping for type 'AlfiskoSkin/HorizontalScrollbar' using base type 'CEGUI/Scrollbar', window renderer 'Core/Scrollbar' Look'N'Feel 'AlfiskoSkin/HorizontalScrollbar' and RenderEffect ''. (000000E8911ED130)
20/07/2020 02:18:39 (Std) 	Creating falagard mapping for type 'AlfiskoSkin/MultiLineEditbox' using base type 'CEGUI/MultiLineEditbox', window renderer 'Core/MultiLineEditbox' Look'N'Feel 'AlfiskoSkin/MultiLineEditbox' and RenderEffect ''. (000000E8911ED130)
20/07/2020 02:18:39 (Std) 	Creating falagard mapping for type 'AlfiskoSkin/ProgressBar' using base type 'CEGUI/ProgressBar', window renderer 'Core/ProgressBar' Look'N'Feel 'AlfiskoSkin/ProgressBar' and RenderEffect ''. (000000E8911ED130)
20/07/2020 02:18:39 (Std) 	Creating falagard mapping for type 'AlfiskoSkin/HorizontalSliderThumb' using base type 'CEGUI/Thumb', window renderer 'Core/Button' Look'N'Feel 'AlfiskoSkin/HorizontalSliderThumb' and RenderEffect ''. (000000E8911ED130)
20/07/2020 02:18:39 (Std) 	Creating falagard mapping for type 'AlfiskoSkin/HorizontalSlider' using base type 'CEGUI/Slider', window renderer 'Core/Slider' Look'N'Feel 'AlfiskoSkin/HorizontalSlider' and RenderEffect ''. (000000E8911ED130)
20/07/2020 02:18:39 (Std) 	Creating falagard mapping for type 'AlfiskoSkin/VerticalSliderThumb' using base type 'CEGUI/Thumb', window renderer 'Core/Button' Look'N'Feel 'AlfiskoSkin/VerticalSliderThumb' and RenderEffect ''. (000000E8911ED130)
20/07/2020 02:18:39 (Std) 	Creating falagard mapping for type 'AlfiskoSkin/VerticalSlider' using base type 'CEGUI/Slider', window renderer 'Core/Slider' Look'N'Feel 'AlfiskoSkin/VerticalSlider' and RenderEffect ''. (000000E8911ED130)
20/07/2020 02:18:39 (Std) 	Creating falagard mapping for type 'AlfiskoSkin/MenuItem' using base type 'CEGUI/MenuItem', window renderer 'Core/MenuItem' Look'N'Feel 'AlfiskoSkin/MenuItem' and RenderEffect ''. (000000E8911ED130)
20/07/2020 02:18:39 (Std) 	---- Returning existing instance of Font named 'DejaVuSans-10'.
